<?xml version="1.0" encoding="utf-8"?>
<TestRun id="b0f4920d-99a6-4e5c-9eb7-212f3026a266" name="@runnervmlun5p 2026-09-10 15:10:20" xmlns="http://microsoft.com/schemas/VisualStudio/TeamTest/2010">
  <Times creation="2026-09-10T15:10:20.7584755+00:00" queuing="2026-09-10T15:10:20.7584755+00:00" start="2026-09-10T15:10:19.7258084+00:00" finish="2026-09-10T15:10:47.3917112+00:00" />
  <TestSettings name="default" id="ddad46ed-1ebc-4a57-b94f-e2a0b1744065">
    <Deployment runDeploymentRoot="_runnervmlun5p_2026-09-10_15_10_20" />
  </TestSettings>
  <Results>
    <UnitTestResult executionId="c45c9d78-d994-41e5-b3d4-869824faeb0b" testId="eb5bf9b9-e1bb-aa16-411d-e4cc4db0ae3f" testName="RemoveAsync_WhenCacheThrows_ShouldNotPropagate" computerName="runnervmlun5p" duration="00:00:00.0024240" startTime="2026-09-10T15:10:23.4823277+00:00" endTime="2026-09-10T15:10:23.4847520+00:00" testType="13cdc9d9-ddb5-4fa4-a97d-d965ccfc6d4b" outcome="Passed" testListId="8c84fa94-04c1-424b-9868-57a2d4851a1d" relativeResultsDirectory="c45c9d78-d994-41e5-b3d4-869824faeb0b" />
    <UnitTestResult executionId="43706335-2198-4399-a4ad-1aca3bef337a" testId="69d4aff8-880c-3963-6fbb-3b6ece7fd69b" testName="PageResponseDto_WithSameValues_ShouldBeEqual" computerName="runnervmlun5p" duration="00:00:00.0007910" startTime="2026-09-10T15:10:23.5056241+00:00" endTime="2026-09-10T15:10:23.5064145+00:00" testType="13cdc9d9-ddb5-4fa4-a97d-d965ccfc6d4b" outcome="Passed" testListId="8c84fa94-04c1-424b-9868-57a2d4851a1d" relativeResultsDirectory="43706335-2198-4399-a4ad-1aca3bef337a" />
    <UnitTestResult executionId="4a200367-318c-4b11-bf18-cf855721dbc4" testId="2ec6337e-6050-716f-150a-c24b8464a79b" testName="PatchAsync_WithValidCategory_ShouldUpdateCategory" computerName="runnervmlun5p" duration="00:00:00.0011280" startTime="2026-09-10T15:10:46.9661969+00:00" endTime="2026-09-10T15:10:46.9673251+00:00" testType="13cdc9d9-ddb5-4fa4-a97d-d965ccfc6d4b" outcome="Passed" testListId="8c84fa94-04c1-424b-9868-57a2d4851a1d" relativeResultsDirectory="4a200367-318c-4b11-bf18-cf855721dbc4" />
    <UnitTestResult executionId="53f54121-5478-4f0a-ace8-d30c87280cf8" testId="f51b0d29-7f04-b097-6208-d64ab262bed5" testName="PedidoConfirmado_ShouldIncludeTotalItems" computerName="runnervmlun5p" duration="00:00:00.0003320" startTime="2026-09-10T15:10:24.5200067+00:00" endTime="2026-09-10T15:10:24.5203387+00:00" testType="13cdc9d9-ddb5-4fa4-a97d-d965ccfc6d4b" outcome="Passed" testListId="8c84fa94-04c1-424b-9868-57a2d4851a1d" relativeResultsDirectory="53f54121-5478-4f0a-ace8-d30c87280cf8" />
    <UnitTestResult executionId="1c302605-a898-4864-8bd1-a96adb0915bd" testId="04895ee8-d147-f143-fa8a-8ba83856b57e" testName="AddProcuctAsync_ReturnsServerError_WhenOtherError" computerName="runnervmlun5p" duration="00:00:00.0012049" startTime="2026-09-10T15:10:46.3576168+00:00" endTime="2026-09-10T15:10:46.3588214+00:00" testType="13cdc9d9-ddb5-4fa4-a97d-d965ccfc6d4b" outcome="Passed" testListId="8c84fa94-04c1-424b-9868-57a2d4851a1d" relativeResultsDirectory="1c302605-a898-4864-8bd1-a96adb0915bd" />
    <UnitTestResult executionId="90b86856-8993-4637-bc47-7d89b3ced031" testId="a4a6a4db-ee2b-7bd8-f6c1-16c87466e481" testName="Copy_WithNoOverrides_ShouldCreateIdenticalCopy" computerName="runnervmlun5p" duration="00:00:00.0009460" startTime="2026-09-10T15:10:46.6063035+00:00" endTime="2026-09-10T15:10:46.6072496+00:00" testType="13cdc9d9-ddb5-4fa4-a97d-d965ccfc6d4b" outcome="Passed" testListId="8c84fa94-04c1-424b-9868-57a2d4851a1d" relativeResultsDirectory="90b86856-8993-4637-bc47-7d89b3ced031" />
    <UnitTestResult executionId="e9cb677f-f5a5-46bd-a752-46e4aa5d2824" testId="fd9bd236-31a2-e570-9de0-7b66a1245440" testName="ToDto_WhenIdIsNull_ShouldUseEmptyString" computerName="runnervmlun5p" duration="00:00:00.0001260" startTime="2026-09-10T15:10:46.6092881+00:00" endTime="2026-09-10T15:10:46.6094143+00:00" testType="13cdc9d9-ddb5-4fa4-a97d-d965ccfc6d4b" outcome="Passed" testListId="8c84fa94-04c1-424b-9868-57a2d4851a1d" relativeResultsDirectory="e9cb677f-f5a5-46bd-a752-46e4aa5d2824" />
    <UnitTestResult executionId="fd1407ed-127b-40cf-a977-13495fd51df6" testId="580ebbf5-37f2-ad67-7b62-a0fbef4d38a6" testName="ToOrderSummaryViewModel_ShouldMapFieldsCorrectly" computerName="runnervmlun5p" duration="00:00:00.0003089" startTime="2026-09-10T15:10:45.8668259+00:00" endTime="2026-09-10T15:10:45.8671345+00:00" testType="13cdc9d9-ddb5-4fa4-a97d-d965ccfc6d4b" outcome="Passed" testListId="8c84fa94-04c1-424b-9868-57a2d4851a1d" relativeResultsDirectory="fd1407ed-127b-40cf-a977-13495fd51df6" />
    <UnitTestResult executionId="4652ec67-b9c9-4e64-8df1-3fc80034bb73" testId="4a98fd02-d843-1ce9-7556-0df0ef34d9b7" testName="UserProfileViewModel_AvatarUrl_DefaultBehavior" computerName="runnervmlun5p" duration="00:00:00.0000730" startTime="2026-09-10T15:10:46.0422024+00:00" endTime="2026-09-10T15:10:46.0422753+00:00" testType="13cdc9d9-ddb5-4fa4-a97d-d965ccfc6d4b" outcome="Passed" testListId="8c84fa94-04c1-424b-9868-57a2d4851a1d" relativeResultsDirectory="4652ec67-b9c9-4e64-8df1-3fc80034bb73" />
    <UnitTestResult executionId="2c7b6cb8-1728-42e7-857a-1d25b7e77731" testId="5ab7079f-26c5-5ab3-60ea-a809cc90d5bf" testName="GetAllAsync_SortByPriceAsc_ShouldOrderCorrectly" computerName="runnervmlun5p" duration="00:00:00.0162700" startTime="2026-09-10T15:10:46.7290279+00:00" endTime="2026-09-10T15:10:46.7452967+00:00" testType="13cdc9d9-ddb5-4fa4-a97d-d965ccfc6d4b" outcome="Passed" testListId="8c84fa94-04c1-424b-9868-57a2d4851a1d" relativeResultsDirectory="2c7b6cb8-1728-42e7-857a-1d25b7e77731" />
    <UnitTestResult executionId="656f18d8-6880-4d09-a800-0c6e4fb4a2a9" testId="456e7526-a1de-19e8-e3a3-486ff564c707" testName="SendConfirmationEmailAsync_ShouldEnqueueEmail" computerName="runnervmlun5p" duration="00:00:00.0043840" startTime="2026-09-10T15:10:23.4319676+00:00" endTime="2026-09-10T15:10:23.4363511+00:00" testType="13cdc9d9-ddb5-4fa4-a97d-d965ccfc6d4b" outcome="Passed" testListId="8c84fa94-04c1-424b-9868-57a2d4851a1d" relativeResultsDirectory="656f18d8-6880-4d09-a800-0c6e4fb4a2a9" />
    <UnitTestResult executionId="b1831460-e9a4-463e-9fe9-f1f75aa1530b" testId="79e652da-ff57-0986-f8f8-07ae187c4cb2" testName="Register_ReturnsBadRequest_WhenOtherError" computerName="runnervmlun5p" duration="00:00:00.0019900" startTime="2026-09-10T15:10:46.3463241+00:00" endTime="2026-09-10T15:10:46.3483142+00:00" testType="13cdc9d9-ddb5-4fa4-a97d-d965ccfc6d4b" outcome="Passed" testListId="8c84fa94-04c1-424b-9868-57a2d4851a1d" relativeResultsDirectory="b1831460-e9a4-463e-9fe9-f1f75aa1530b" />
    <UnitTestResult executionId="79ece8b5-e991-4bed-89d4-99bcf3142fdd" testId="1073d9d5-d694-410b-5f90-22a98210ccea" testName="RegisterDto_ValidUsernameCharacters_ShouldWork" computerName="runnervmlun5p" duration="00:00:00.0000749" startTime="2026-09-10T15:10:47.0066807+00:00" endTime="2026-09-10T15:10:47.0067559+00:00" testType="13cdc9d9-ddb5-4fa4-a97d-d965ccfc6d4b" outcome="Passed" testListId="8c84fa94-04c1-424b-9868-57a2d4851a1d" relativeResultsDirectory="79ece8b5-e991-4bed-89d4-99bcf3142fdd" />
    <UnitTestResult executionId="62f5efab-bb5d-4546-969f-f60f3f82e278" testId="30c9f4a7-a0e3-eb9b-73bc-c205c3ef8bbe" testName="ExtractEmail_WithNoEmailClaim_ReturnsNull" computerName="runnervmlun5p" duration="00:00:00.0003480" startTime="2026-09-10T15:10:47.1319546+00:00" endTime="2026-09-10T15:10:47.1323027+00:00" testType="13cdc9d9-ddb5-4fa4-a97d-d965ccfc6d4b" outcome="Passed" testListId="8c84fa94-04c1-424b-9868-57a2d4851a1d" relativeResultsDirectory="62f5efab-bb5d-4546-969f-f60f3f82e278" />
    <UnitTestResult executionId="2811bba2-1065-43c9-b592-995720c4d376" testId="62bffc0e-2a75-2deb-1726-191b27562b40" testName="IsAdmin_ReturnsExpectedResult(&quot;Admin&quot;,True)" computerName="runnervmlun5p" duration="00:00:00.0007050" startTime="2026-09-10T15:10:47.1357180+00:00" endTime="2026-09-10T15:10:47.1364224+00:00" testType="13cdc9d9-ddb5-4fa4-a97d-d965ccfc6d4b" outcome="Passed" testListId="8c84fa94-04c1-424b-9868-57a2d4851a1d" relativeResultsDirectory="2811bba2-1065-43c9-b592-995720c4d376" />
    <UnitTestResult executionId="ccc25b52-0d3b-4395-8963-f5b569d0b05d" testId="bd7f028b-45c3-7247-3202-da0c31c45429" testName="SaleEdit_Get_WhenCartNotFound_ShouldReturnNotFound" computerName="runnervmlun5p" duration="00:00:00.0031440" startTime="2026-09-10T15:10:46.0516625+00:00" endTime="2026-09-10T15:10:46.0548067+00:00" testType="13cdc9d9-ddb5-4fa4-a97d-d965ccfc6d4b" outcome="Passed" testListId="8c84fa94-04c1-424b-9868-57a2d4851a1d" relativeResultsDirectory="ccc25b52-0d3b-4395-8963-f5b569d0b05d" />
    <UnitTestResult executionId="375c14a5-bea8-4b93-89f7-d71016695f1b" testId="3f59ea02-cbc3-d8c3-8519-5bb30aef661c" testName="CreateCheckoutSessionAsync_WhenGenericExceptionIsThrown_ReturnsFailureAndLogsError" computerName="runnervmlun5p" duration="00:00:00.0127829" startTime="2026-09-10T15:10:46.9836561+00:00" endTime="2026-09-10T15:10:46.9964380+00:00" testType="13cdc9d9-ddb5-4fa4-a97d-d965ccfc6d4b" outcome="Passed" testListId="8c84fa94-04c1-424b-9868-57a2d4851a1d" relativeResultsDirectory="375c14a5-bea8-4b93-89f7-d71016695f1b" />
    <UnitTestResult executionId="aaecb3a1-6924-4838-b632-f7d15ababe54" testId="432480fb-dcf7-317c-84ac-ee581a48b6fc" testName="ToDto_ShouldMapComments" computerName="runnervmlun5p" duration="00:00:00.0004920" startTime="2026-09-10T15:10:46.6085982+00:00" endTime="2026-09-10T15:10:46.6090905+00:00" testType="13cdc9d9-ddb5-4fa4-a97d-d965ccfc6d4b" outcome="Passed" testListId="8c84fa94-04c1-424b-9868-57a2d4851a1d" relativeResultsDirectory="aaecb3a1-6924-4838-b632-f7d15ababe54" />
    <UnitTestResult executionId="6f8834e6-95ce-4ef4-96a5-c231e60356f4" testId="e184169b-5cd3-89cc-ab7e-e1305dc9a779" testName="GetAllAsync_SortByUnknown_ShouldDefaultToId" computerName="runnervmlun5p" duration="00:00:00.0018280" startTime="2026-09-10T15:10:46.7771486+00:00" endTime="2026-09-10T15:10:46.7789763+00:00" testType="13cdc9d9-ddb5-4fa4-a97d-d965ccfc6d4b" outcome="Passed" testListId="8c84fa94-04c1-424b-9868-57a2d4851a1d" relativeResultsDirectory="6f8834e6-95ce-4ef4-96a5-c231e60356f4" />
    <UnitTestResult executionId="dab1e02d-1a86-47ea-90c9-818af0956c61" testId="9e5cd7ea-5796-6b3f-dbb8-fe62caee780a" testName="UserNotFoundError_ShouldRetainMessage" computerName="runnervmlun5p" duration="00:00:00.0001290" startTime="2026-09-10T15:10:47.0150159+00:00" endTime="2026-09-10T15:10:47.0151449+00:00" testType="13cdc9d9-ddb5-4fa4-a97d-d965ccfc6d4b" outcome="Passed" testListId="8c84fa94-04c1-424b-9868-57a2d4851a1d" relativeResultsDirectory="dab1e02d-1a86-47ea-90c9-818af0956c61" />
    <UnitTestResult executionId="d0e1a6d6-d90e-4d88-b526-e9eb1815c831" testId="dbed0864-1e12-81a5-30bf-4f31a34512cf" testName="ToFormViewModel_WithCategories_ShouldMapFields" computerName="runnervmlun5p" duration="00:00:00.1217300" startTime="2026-09-10T15:10:45.8683469+00:00" endTime="2026-09-10T15:10:45.9900762+00:00" testType="13cdc9d9-ddb5-4fa4-a97d-d965ccfc6d4b" outcome="Passed" testListId="8c84fa94-04c1-424b-9868-57a2d4851a1d" relativeResultsDirectory="d0e1a6d6-d90e-4d88-b526-e9eb1815c831" />
    <UnitTestResult executionId="f7e17e5d-e929-422b-a41c-7984833d08c4" testId="efc91800-d3d4-7f1f-06bc-70e260d56f58" testName="GetAllAsync_SortDirection_CaseInsensitive" computerName="runnervmlun5p" duration="00:00:00.0025010" startTime="2026-09-10T15:10:23.0070904+00:00" endTime="2026-09-10T15:10:23.0095912+00:00" testType="13cdc9d9-ddb5-4fa4-a97d-d965ccfc6d4b" outcome="Passed" testListId="8c84fa94-04c1-424b-9868-57a2d4851a1d" relativeResultsDirectory="f7e17e5d-e929-422b-a41c-7984833d08c4" />
    <UnitTestResult executionId="0b5ca9fd-07d1-436b-b399-a1cf0453aacd" testId="f035cea1-ed35-1e18-22d2-af5eb43b003e" testName="StopAsync_IsIdempotent" computerName="runnervmlun5p" duration="00:00:00.2029100" startTime="2026-09-10T15:10:42.1509517+00:00" endTime="2026-09-10T15:10:42.3538609+00:00" testType="13cdc9d9-ddb5-4fa4-a97d-d965ccfc6d4b" outcome="Passed" testListId="8c84fa94-04c1-424b-9868-57a2d4851a1d" relativeResultsDirectory="0b5ca9fd-07d1-436b-b399-a1cf0453aacd" />
    <UnitTestResult executionId="a89c9409-8512-4ec1-8de1-14f6bbaac6c2" testId="38a5b30a-bb52-3787-2b65-7c72ff48ab89" testName="SaveFileAsync_WhenContentTypeNotAllowed_ShouldReturnFailure" computerName="runnervmlun5p" duration="00:00:00.0299870" startTime="2026-09-10T15:10:24.6756134+00:00" endTime="2026-09-10T15:10:24.7055998+00:00" testType="13cdc9d9-ddb5-4fa4-a97d-d965ccfc6d4b" outcome="Passed" testListId="8c84fa94-04c1-424b-9868-57a2d4851a1d" relativeResultsDirectory="a89c9409-8512-4ec1-8de1-14f6bbaac6c2" />
    <UnitTestResult executionId="cb8d002b-7a3e-4d91-9e66-b43df1243fbe" testId="874f5702-ad43-5639-373e-f454f63d0a88" testName="GetAsync_WhenCacheMiss_ShouldReturnDefault" computerName="runnervmlun5p" duration="00:00:00.0010300" startTime="2026-09-10T15:10:23.4673375+00:00" endTime="2026-09-10T15:10:23.4683674+00:00" testType="13cdc9d9-ddb5-4fa4-a97d-d965ccfc6d4b" outcome="Passed" testListId="8c84fa94-04c1-424b-9868-57a2d4851a1d" relativeResultsDirectory="cb8d002b-7a3e-4d91-9e66-b43df1243fbe" />
    <UnitTestResult executionId="55b7ab48-cae3-4fc5-86e5-7388117562eb" testId="f714ed83-e8ee-ebb7-c5c9-6e817d263a1b" testName="Sales_ShouldReturnViewWithSales" computerName="runnervmlun5p" duration="00:00:00.0022510" startTime="2026-09-10T15:10:46.1980479+00:00" endTime="2026-09-10T15:10:46.2002986+00:00" testType="13cdc9d9-ddb5-4fa4-a97d-d965ccfc6d4b" outcome="Passed" testListId="8c84fa94-04c1-424b-9868-57a2d4851a1d" relativeResultsDirectory="55b7ab48-cae3-4fc5-86e5-7388117562eb" />
    <UnitTestResult executionId="303002c7-594b-4cd4-a6f9-7ee9a7af5d55" testId="1bbde5f0-c2e0-f347-7973-25887ab1130b" testName="SaveAsync_ShouldMarkAsPurchasedAndCreateNewCart" computerName="runnervmlun5p" duration="00:00:00.0062610" startTime="2026-09-10T15:10:23.4256825+00:00" endTime="2026-09-10T15:10:23.4319437+00:00" testType="13cdc9d9-ddb5-4fa4-a97d-d965ccfc6d4b" outcome="Passed" testListId="8c84fa94-04c1-424b-9868-57a2d4851a1d" relativeResultsDirectory="303002c7-594b-4cd4-a6f9-7ee9a7af5d55" />
    <UnitTestResult executionId="2598dd00-ef8b-4f23-9c20-7f0ebaacdb8c" testId="7f7eb8d3-9a68-18bb-b686-a5712711b416" testName="ProductFormViewModel_IsEdit_ShouldReturnCorrectly" computerName="runnervmlun5p" duration="00:00:00.0001910" startTime="2026-09-10T15:10:46.0321314+00:00" endTime="2026-09-10T15:10:46.0323220+00:00" testType="13cdc9d9-ddb5-4fa4-a97d-d965ccfc6d4b" outcome="Passed" testListId="8c84fa94-04c1-424b-9868-57a2d4851a1d" relativeResultsDirectory="2598dd00-ef8b-4f23-9c20-7f0ebaacdb8c" />
    <UnitTestResult executionId="cfcf001f-5948-4bc5-bf69-f742cd724107" testId="a35fb378-7a6e-ff31-7c3f-cebae10dd28d" testName="Empty_WhenNoContent_ShouldBeTrue" computerName="runnervmlun5p" duration="00:00:00.0001430" startTime="2026-09-10T15:10:23.5030545+00:00" endTime="2026-09-10T15:10:23.5031974+00:00" testType="13cdc9d9-ddb5-4fa4-a97d-d965ccfc6d4b" outcome="Passed" testListId="8c84fa94-04c1-424b-9868-57a2d4851a1d" relativeResultsDirectory="cfcf001f-5948-4bc5-bf69-f742cd724107" />
    <UnitTestResult executionId="f018471e-1da7-4816-b49c-42e590465ae0" testId="894c287b-eb28-1ef7-e4b6-7687bdb82ccc" testName="PageResponseDto_WithIntType_ShouldWorkCorrectly" computerName="runnervmlun5p" duration="00:00:00.0007140" startTime="2026-09-10T15:10:23.5048925+00:00" endTime="2026-09-10T15:10:23.5056067+00:00" testType="13cdc9d9-ddb5-4fa4-a97d-d965ccfc6d4b" outcome="Passed" testListId="8c84fa94-04c1-424b-9868-57a2d4851a1d" relativeResultsDirectory="f018471e-1da7-4816-b49c-42e590465ae0" />
    <UnitTestResult executionId="4142394c-6795-4dde-9949-4f1815f23c6b" testId="71c8b6f6-7b6b-58a1-8dc1-9f64aefafd0b" testName="CartNotFoundException_InheritanceMessageAndThrow_ShouldWork" computerName="runnervmlun5p" duration="00:00:00.0006770" startTime="2026-09-10T15:10:20.6826161+00:00" endTime="2026-09-10T15:10:20.6832928+00:00" testType="13cdc9d9-ddb5-4fa4-a97d-d965ccfc6d4b" outcome="Passed" testListId="8c84fa94-04c1-424b-9868-57a2d4851a1d" relativeResultsDirectory="4142394c-6795-4dde-9949-4f1815f23c6b" />
    <UnitTestResult executionId="b3d21902-ce31-4e38-a45e-b52c1537eef8" testId="6ad8fd81-ce1e-358e-ec96-1693be8eb357" testName="UserEditViewModel_MissingRequiredFields_ShouldHaveValidationErrors" computerName="runnervmlun5p" duration="00:00:00.0009060" startTime="2026-09-10T15:10:46.0401601+00:00" endTime="2026-09-10T15:10:46.0410655+00:00" testType="13cdc9d9-ddb5-4fa4-a97d-d965ccfc6d4b" outcome="Passed" testListId="8c84fa94-04c1-424b-9868-57a2d4851a1d" relativeResultsDirectory="b3d21902-ce31-4e38-a45e-b52c1537eef8" />
    <UnitTestResult executionId="3ff89257-d4f2-4969-b7c6-e7ff49a3cdc7" testId="15e9ceed-bb36-7234-d5ae-e6592ee1214d" testName="ClientToDto_ShouldFlattenAddressProperties" computerName="runnervmlun5p" duration="00:00:00.0014740" startTime="2026-09-10T15:10:20.6907294+00:00" endTime="2026-09-10T15:10:20.6922033+00:00" testType="13cdc9d9-ddb5-4fa4-a97d-d965ccfc6d4b" outcome="Passed" testListId="8c84fa94-04c1-424b-9868-57a2d4851a1d" relativeResultsDirectory="3ff89257-d4f2-4969-b7c6-e7ff49a3cdc7" />
    <UnitTestResult executionId="690c2e74-fc2d-4e6f-81d1-7089e8794a5b" testId="a702ea7f-c3ba-0554-dbc3-7eb1dbb36008" testName="Configure_ShouldReturnLoggerConfiguration" computerName="runnervmlun5p" duration="00:00:00.0166600" startTime="2026-09-10T15:10:45.8145277+00:00" endTime="2026-09-10T15:10:45.8311870+00:00" testType="13cdc9d9-ddb5-4fa4-a97d-d965ccfc6d4b" outcome="Passed" testListId="8c84fa94-04c1-424b-9868-57a2d4851a1d" relativeResultsDirectory="690c2e74-fc2d-4e6f-81d1-7089e8794a5b" />
    <UnitTestResult executionId="b340a296-d511-46db-81e7-fc011e2971a5" testId="0cf0c752-a4b2-fd3a-8cfb-c46fb36aeec7" testName="GetAllAsync_SortByUnknownField_DefaultsToId" computerName="runnervmlun5p" duration="00:00:00.0023420" startTime="2026-09-10T15:10:23.0047144+00:00" endTime="2026-09-10T15:10:23.0070567+00:00" testType="13cdc9d9-ddb5-4fa4-a97d-d965ccfc6d4b" outcome="Passed" testListId="8c84fa94-04c1-424b-9868-57a2d4851a1d" relativeResultsDirectory="b340a296-d511-46db-81e7-fc011e2971a5" />
    <UnitTestResult executionId="31790dab-c68f-4839-b7ac-ec5af8d23522" testId="6ee46a8d-d1f0-7622-efca-f391e70654ce" testName="UseCorsPolicy_ShouldNotThrow_WhenCalledWithWebApplication" computerName="runnervmlun5p" duration="00:00:01.2582220" startTime="2026-09-10T15:10:43.9666560+00:00" endTime="2026-09-10T15:10:45.2248780+00:00" testType="13cdc9d9-ddb5-4fa4-a97d-d965ccfc6d4b" outcome="Passed" testListId="8c84fa94-04c1-424b-9868-57a2d4851a1d" relativeResultsDirectory="31790dab-c68f-4839-b7ac-ec5af8d23522" />
    <UnitTestResult executionId="f7033e25-e10c-40bf-a4ad-2d2b4375792b" testId="8a9c2433-f814-068e-3a4a-a108f2091067" testName="BanUser_ReturnsNotFound_WhenUserNotFound" computerName="runnervmlun5p" duration="00:00:00.0007690" startTime="2026-09-10T15:10:46.4138019+00:00" endTime="2026-09-10T15:10:46.4145706+00:00" testType="13cdc9d9-ddb5-4fa4-a97d-d965ccfc6d4b" outcome="Passed" testListId="8c84fa94-04c1-424b-9868-57a2d4851a1d" relativeResultsDirectory="f7033e25-e10c-40bf-a4ad-2d2b4375792b" />
    <UnitTestResult executionId="cb3254e1-ed87-47b7-b62f-99ef09e59599" testId="59082d27-85b8-831f-3a42-144e0139147e" testName="UserDelete_ShouldBanUserAndRedirect" computerName="runnervmlun5p" duration="00:00:00.0021170" startTime="2026-09-10T15:10:46.0681233+00:00" endTime="2026-09-10T15:10:46.0702399+00:00" testType="13cdc9d9-ddb5-4fa4-a97d-d965ccfc6d4b" outcome="Passed" testListId="8c84fa94-04c1-424b-9868-57a2d4851a1d" relativeResultsDirectory="cb3254e1-ed87-47b7-b62f-99ef09e59599" />
    <UnitTestResult executionId="956b4e3a-8ab1-42ce-a97c-217c555b6652" testId="701cb522-b169-0834-6e88-264968b6084f" testName="AddAuthentication_WhenJwtKeyIsProvided_ShouldRegisterAuthenticationServices" computerName="runnervmlun5p" duration="00:00:00.2718820" startTime="2026-09-10T15:10:41.2661640+00:00" endTime="2026-09-10T15:10:41.5380456+00:00" testType="13cdc9d9-ddb5-4fa4-a97d-d965ccfc6d4b" outcome="Passed" testListId="8c84fa94-04c1-424b-9868-57a2d4851a1d" relativeResultsDirectory="956b4e3a-8ab1-42ce-a97c-217c555b6652" />
    <UnitTestResult executionId="9bfa7a1f-ca68-4fcd-8654-b0e999e2025b" testId="4d28cee4-cef8-edf2-5390-e77f0536c59c" testName="ExtractRole_WithValidRoleClaim_ReturnsRole" computerName="runnervmlun5p" duration="00:00:00.0002050" startTime="2026-09-10T15:10:47.1328666+00:00" endTime="2026-09-10T15:10:47.1330711+00:00" testType="13cdc9d9-ddb5-4fa4-a97d-d965ccfc6d4b" outcome="Passed" testListId="8c84fa94-04c1-424b-9868-57a2d4851a1d" relativeResultsDirectory="9bfa7a1f-ca68-4fcd-8654-b0e999e2025b" />
    <UnitTestResult executionId="1008d3e2-df84-465b-8dbe-0a6b71f31c78" testId="bea42ac8-333f-f674-c33c-0d44ecafd464" testName="ProductStorageError_ShouldStoreMessage" computerName="runnervmlun5p" duration="00:00:00.0001120" startTime="2026-09-10T15:10:46.6042851+00:00" endTime="2026-09-10T15:10:46.6043966+00:00" testType="13cdc9d9-ddb5-4fa4-a97d-d965ccfc6d4b" outcome="Passed" testListId="8c84fa94-04c1-424b-9868-57a2d4851a1d" relativeResultsDirectory="1008d3e2-df84-465b-8dbe-0a6b71f31c78" />
    <UnitTestResult executionId="b920c25c-a27e-4b20-a7d4-9e2f71a06c7e" testId="6860cabd-c941-f74b-9d77-4b39f9a77f61" testName="IsAdmin_ReturnsExpectedResult(&quot;user&quot;,False)" computerName="runnervmlun5p" duration="00:00:00.0000920" startTime="2026-09-10T15:10:47.1366047+00:00" endTime="2026-09-10T15:10:47.1366963+00:00" testType="13cdc9d9-ddb5-4fa4-a97d-d965ccfc6d4b" outcome="Passed" testListId="8c84fa94-04c1-424b-9868-57a2d4851a1d" relativeResultsDirectory="b920c25c-a27e-4b20-a7d4-9e2f71a06c7e" />
    <UnitTestResult executionId="c6a0b3f8-825b-475f-96a9-3c346dce98c9" testId="7ba176ba-2271-eb7f-2e14-9fec7949ea10" testName="SubstractStockAsync_WhenVersionMismatch_ShouldReturnZero" computerName="runnervmlun5p" duration="00:00:00.0011390" startTime="2026-09-10T15:10:46.8951133+00:00" endTime="2026-09-10T15:10:46.8962522+00:00" testType="13cdc9d9-ddb5-4fa4-a97d-d965ccfc6d4b" outcome="Passed" testListId="8c84fa94-04c1-424b-9868-57a2d4851a1d" relativeResultsDirectory="c6a0b3f8-825b-475f-96a9-3c346dce98c9" />
    <UnitTestResult executionId="7c96d0e8-9a1c-4c8c-91a2-53887ab27544" testId="3ba91eaf-d405-0090-45ab-06930a20a7ac" testName="GetUserProductIdAsync_WhenProductExists_ShouldReturnCreatorId" computerName="runnervmlun5p" duration="00:00:00.0006740" startTime="2026-09-10T15:10:46.9592760+00:00" endTime="2026-09-10T15:10:46.9599495+00:00" testType="13cdc9d9-ddb5-4fa4-a97d-d965ccfc6d4b" outcome="Passed" testListId="8c84fa94-04c1-424b-9868-57a2d4851a1d" relativeResultsDirectory="7c96d0e8-9a1c-4c8c-91a2-53887ab27544" />
    <UnitTestResult executionId="23884738-5b3f-4c4a-8468-96058a45861d" testId="fd7d9f5d-1c31-e3df-fb9a-ade1b870d78f" testName="MyOrders_ShouldReturnViewWithOrders" computerName="runnervmlun5p" duration="00:00:00.0028950" startTime="2026-09-10T15:10:46.1776298+00:00" endTime="2026-09-10T15:10:46.1805242+00:00" testType="13cdc9d9-ddb5-4fa4-a97d-d965ccfc6d4b" outcome="Passed" testListId="8c84fa94-04c1-424b-9868-57a2d4851a1d" relativeResultsDirectory="23884738-5b3f-4c4a-8468-96058a45861d" />
    <UnitTestResult executionId="1ac73de2-e705-46f2-a590-166d7912818b" testId="a7190dab-5358-26c1-730d-4d1f4f8c2acd" testName="Edit_Post_WhenValidAndUserIsCreatorAndHasImages_ShouldUpdateImagesAndRedirectToDetail" computerName="runnervmlun5p" duration="00:00:00.0016590" startTime="2026-09-10T15:10:46.2495605+00:00" endTime="2026-09-10T15:10:46.2512198+00:00" testType="13cdc9d9-ddb5-4fa4-a97d-d965ccfc6d4b" outcome="Passed" testListId="8c84fa94-04c1-424b-9868-57a2d4851a1d" relativeResultsDirectory="1ac73de2-e705-46f2-a590-166d7912818b" />
    <UnitTestResult executionId="cea7711d-a7cd-41ee-b733-252ded067f13" testId="fb36d2cd-cea2-1fee-9e49-20506fedf281" testName="ProductValidationError_ShouldInheritFromProductError" computerName="runnervmlun5p" duration="00:00:00.0001140" startTime="2026-09-10T15:10:46.6044105+00:00" endTime="2026-09-10T15:10:46.6045240+00:00" testType="13cdc9d9-ddb5-4fa4-a97d-d965ccfc6d4b" outcome="Passed" testListId="8c84fa94-04c1-424b-9868-57a2d4851a1d" relativeResultsDirectory="cea7711d-a7cd-41ee-b733-252ded067f13" />
    <UnitTestResult executionId="7daece7d-8a2f-4bb7-89d8-8466d8ef8a14" testId="8cc9d778-c017-2760-3f91-8193723b37cf" testName="SetTelefono_WithSpecialCharacters_ShouldRemoveThem" computerName="runnervmlun5p" duration="00:00:00.0001780" startTime="2026-09-10T15:10:47.0125215+00:00" endTime="2026-09-10T15:10:47.0126994+00:00" testType="13cdc9d9-ddb5-4fa4-a97d-d965ccfc6d4b" outcome="Passed" testListId="8c84fa94-04c1-424b-9868-57a2d4851a1d" relativeResultsDirectory="7daece7d-8a2f-4bb7-89d8-8466d8ef8a14" />
    <UnitTestResult executionId="21ad2fef-9fcb-4607-90b5-b6b885aca9cf" testId="dd8c733b-12d2-d337-d0af-e58017408894" testName="CalculateTotalEarningsAsync_WithNoManagerAndNoAdmin_ShouldReturnZero" computerName="runnervmlun5p" duration="00:00:00.0037440" startTime="2026-09-10T15:10:22.5354756+00:00" endTime="2026-09-10T15:10:22.5392193+00:00" testType="13cdc9d9-ddb5-4fa4-a97d-d965ccfc6d4b" outcome="Passed" testListId="8c84fa94-04c1-424b-9868-57a2d4851a1d" relativeResultsDirectory="21ad2fef-9fcb-4607-90b5-b6b885aca9cf" />
    <UnitTestResult executionId="ebab3878-4bc2-4d6b-a910-25f7f7d9c9ed" testId="64cd49d0-3630-8f28-b636-19bf86bf97a2" testName="GetCartModelByIdAsync_ShouldReturnCartModel" computerName="runnervmlun5p" duration="00:00:00.0012740" startTime="2026-09-10T15:10:23.4042807+00:00" endTime="2026-09-10T15:10:23.4055547+00:00" testType="13cdc9d9-ddb5-4fa4-a97d-d965ccfc6d4b" outcome="Passed" testListId="8c84fa94-04c1-424b-9868-57a2d4851a1d" relativeResultsDirectory="ebab3878-4bc2-4d6b-a910-25f7f7d9c9ed" />
    <UnitTestResult executionId="6d310735-0f4b-4c52-a7b1-281e25acb2d5" testId="2baa312a-8b21-2c98-7e07-6733287af0d9" testName="Edit_Get_WhenCreatorNotFound_ShouldReturnNotFound" computerName="runnervmlun5p" duration="00:00:00.0015479" startTime="2026-09-10T15:10:46.2394174+00:00" endTime="2026-09-10T15:10:46.2409656+00:00" testType="13cdc9d9-ddb5-4fa4-a97d-d965ccfc6d4b" outcome="Passed" testListId="8c84fa94-04c1-424b-9868-57a2d4851a1d" relativeResultsDirectory="6d310735-0f4b-4c52-a7b1-281e25acb2d5" />
    <UnitTestResult executionId="354a4300-e027-4f50-8831-ff881b89e2d6" testId="d2fbcfaa-a385-c6c4-7402-e5e3f2c5d400" testName="Login_ReturnsOk_WhenSignInSucceeds" computerName="runnervmlun5p" duration="00:00:00.0013800" startTime="2026-09-10T15:10:46.3436451+00:00" endTime="2026-09-10T15:10:46.3450250+00:00" testType="13cdc9d9-ddb5-4fa4-a97d-d965ccfc6d4b" outcome="Passed" testListId="8c84fa94-04c1-424b-9868-57a2d4851a1d" relativeResultsDirectory="354a4300-e027-4f50-8831-ff881b89e2d6" />
    <UnitTestResult executionId="41d88429-da3e-43c2-a627-c8b6b7e77612" testId="6b964572-d5a1-f8e2-9e79-47112f3ab378" testName="SignUpAsync_WhenCreateAsyncFails_ShouldReturnUserError" computerName="runnervmlun5p" duration="00:00:00.0055540" startTime="2026-09-10T15:10:47.0324696+00:00" endTime="2026-09-10T15:10:47.0380233+00:00" testType="13cdc9d9-ddb5-4fa4-a97d-d965ccfc6d4b" outcome="Passed" testListId="8c84fa94-04c1-424b-9868-57a2d4851a1d" relativeResultsDirectory="41d88429-da3e-43c2-a627-c8b6b7e77612" />
    <UnitTestResult executionId="3e51dcfd-4d16-405d-8222-b32f62510c4e" testId="c02ff42a-73a4-5fc0-16bd-75c39e46f5b8" testName="ToModel_WhenIdNull_ShouldKeepNull" computerName="runnervmlun5p" duration="00:00:00.0001380" startTime="2026-09-10T15:10:46.6105916+00:00" endTime="2026-09-10T15:10:46.6107294+00:00" testType="13cdc9d9-ddb5-4fa4-a97d-d965ccfc6d4b" outcome="Passed" testListId="8c84fa94-04c1-424b-9868-57a2d4851a1d" relativeResultsDirectory="3e51dcfd-4d16-405d-8222-b32f62510c4e" />
    <UnitTestResult executionId="72f96e81-e238-4f71-97d5-70cbd5235fea" testId="cd82e05a-7bb5-e23b-6f7e-e0e8b558ca8f" testName="RegisterDto_ShouldCreateWithRequiredProperties" computerName="runnervmlun5p" duration="00:00:00.0001330" startTime="2026-09-10T15:10:47.0065292+00:00" endTime="2026-09-10T15:10:47.0066622+00:00" testType="13cdc9d9-ddb5-4fa4-a97d-d965ccfc6d4b" outcome="Passed" testListId="8c84fa94-04c1-424b-9868-57a2d4851a1d" relativeResultsDirectory="72f96e81-e238-4f71-97d5-70cbd5235fea" />
    <UnitTestResult executionId="aaac7601-496b-4caa-85e6-f689e8a43d42" testId="0307077e-1cda-f4f7-ab83-0fca4153386e" testName="InsufficientStockError_ShouldStoreMessage" computerName="runnervmlun5p" duration="00:00:00.0001250" startTime="2026-09-10T15:10:46.6017931+00:00" endTime="2026-09-10T15:10:46.6019176+00:00" testType="13cdc9d9-ddb5-4fa4-a97d-d965ccfc6d4b" outcome="Passed" testListId="8c84fa94-04c1-424b-9868-57a2d4851a1d" relativeResultsDirectory="aaac7601-496b-4caa-85e6-f689e8a43d42" />
    <UnitTestResult executionId="a4c0356c-2067-497c-a80a-b99123757728" testId="a15d2529-593d-82f1-d900-17f611623da8" testName="Favs_WhenFails_ShouldReturn500" computerName="runnervmlun5p" duration="00:00:00.0021650" startTime="2026-09-10T15:10:46.3230585+00:00" endTime="2026-09-10T15:10:46.3252235+00:00" testType="13cdc9d9-ddb5-4fa4-a97d-d965ccfc6d4b" outcome="Passed" testListId="8c84fa94-04c1-424b-9868-57a2d4851a1d" relativeResultsDirectory="a4c0356c-2067-497c-a80a-b99123757728" />
    <UnitTestResult executionId="9d4ed36f-8909-4b4a-8765-b0bae4598939" testId="b57a5cbb-e55f-bceb-3401-d610a282abd0" testName="SetTelefono_With0034_ShouldRemovePrefix" computerName="runnervmlun5p" duration="00:00:00.0001220" startTime="2026-09-10T15:10:47.0118176+00:00" endTime="2026-09-10T15:10:47.0119391+00:00" testType="13cdc9d9-ddb5-4fa4-a97d-d965ccfc6d4b" outcome="Passed" testListId="8c84fa94-04c1-424b-9868-57a2d4851a1d" relativeResultsDirectory="9d4ed36f-8909-4b4a-8765-b0bae4598939" />
    <UnitTestResult executionId="ecfa8ad6-cc59-4106-bb7c-96160faf5485" testId="ebc74563-ff24-b7cc-af12-76f6f0dfb496" testName="FindAllByCreatorId_WhenNoProducts_ShouldReturnEmpty" computerName="runnervmlun5p" duration="00:00:00.0017060" startTime="2026-09-10T15:10:46.6927065+00:00" endTime="2026-09-10T15:10:46.6944122+00:00" testType="13cdc9d9-ddb5-4fa4-a97d-d965ccfc6d4b" outcome="Passed" testListId="8c84fa94-04c1-424b-9868-57a2d4851a1d" relativeResultsDirectory="ecfa8ad6-cc59-4106-bb7c-96160faf5485" />
    <UnitTestResult executionId="0d19f54a-a16b-4583-b014-f341e3437048" testId="fe21e079-471b-a66c-d4ae-2f9a33e91748" testName="ExtractClaims_WithValidSignedToken_ReturnsClaimsPrincipal" computerName="runnervmlun5p" duration="00:00:00.0010900" startTime="2026-09-10T15:10:47.1293296+00:00" endTime="2026-09-10T15:10:47.1304196+00:00" testType="13cdc9d9-ddb5-4fa4-a97d-d965ccfc6d4b" outcome="Passed" testListId="8c84fa94-04c1-424b-9868-57a2d4851a1d" relativeResultsDirectory="0d19f54a-a16b-4583-b014-f341e3437048" />
    <UnitTestResult executionId="88d7848f-0fd7-4dc0-923b-5207d26be173" testId="3abfccdb-6c33-e2cd-aa47-00fe9380c264" testName="UpdateAsync_WhenAllValid_ShouldUpdateAndInvalidateCache" computerName="runnervmlun5p" duration="00:00:00.0021510" startTime="2026-09-10T15:10:46.9673488+00:00" endTime="2026-09-10T15:10:46.9694994+00:00" testType="13cdc9d9-ddb5-4fa4-a97d-d965ccfc6d4b" outcome="Passed" testListId="8c84fa94-04c1-424b-9868-57a2d4851a1d" relativeResultsDirectory="88d7848f-0fd7-4dc0-923b-5207d26be173" />
    <UnitTestResult executionId="2ba8699a-4b51-4d16-8029-ed2df8f8f42e" testId="bc768367-a6de-61f2-4f87-a739e029ba3c" testName="Telefono_Setter_ShouldCleanPrefixesAndSymbols" computerName="runnervmlun5p" duration="00:00:00.0002000" startTime="2026-09-10T15:10:47.0136257+00:00" endTime="2026-09-10T15:10:47.0138255+00:00" testType="13cdc9d9-ddb5-4fa4-a97d-d965ccfc6d4b" outcome="Passed" testListId="8c84fa94-04c1-424b-9868-57a2d4851a1d" relativeResultsDirectory="2ba8699a-4b51-4d16-8029-ed2df8f8f42e" />
    <UnitTestResult executionId="a7d8bce5-020d-4263-9717-9cf21f669ed0" testId="ef5071a5-1484-2881-2323-92909c881faa" testName="UpdateAsync_WhenCategoryNotFound_ShouldReturnConflictError" computerName="runnervmlun5p" duration="00:00:00.0007620" startTime="2026-09-10T15:10:46.9695286+00:00" endTime="2026-09-10T15:10:46.9702900+00:00" testType="13cdc9d9-ddb5-4fa4-a97d-d965ccfc6d4b" outcome="Passed" testListId="8c84fa94-04c1-424b-9868-57a2d4851a1d" relativeResultsDirectory="a7d8bce5-020d-4263-9717-9cf21f669ed0" />
    <UnitTestResult executionId="859d7988-dca3-4691-82d1-c09ead9ff69e" testId="f333483b-0e8f-5d19-d136-4ca045b552df" testName="FilterDto_WithAllCustomValues_ShouldRespectThem" computerName="runnervmlun5p" duration="00:00:00.0002540" startTime="2026-09-10T15:10:23.5008016+00:00" endTime="2026-09-10T15:10:23.5010555+00:00" testType="13cdc9d9-ddb5-4fa4-a97d-d965ccfc6d4b" outcome="Passed" testListId="8c84fa94-04c1-424b-9868-57a2d4851a1d" relativeResultsDirectory="859d7988-dca3-4691-82d1-c09ead9ff69e" />
    <UnitTestResult executionId="238ceded-5724-4ad8-88e9-f597ed2caa93" testId="536b097f-22e8-4215-952e-dcf5ce04e820" testName="SaleEdit_Post_WhenModelInvalid_ShouldReturnView" computerName="runnervmlun5p" duration="00:00:00.0013090" startTime="2026-09-10T15:10:46.1946859+00:00" endTime="2026-09-10T15:10:46.1959946+00:00" testType="13cdc9d9-ddb5-4fa4-a97d-d965ccfc6d4b" outcome="Passed" testListId="8c84fa94-04c1-424b-9868-57a2d4851a1d" relativeResultsDirectory="238ceded-5724-4ad8-88e9-f597ed2caa93" />
    <UnitTestResult executionId="1bef62b2-904c-4912-bb08-a86526a08da7" testId="ec448428-4691-9efd-8484-1d70ec22e507" testName="FilterDto_WithDifferentValues_ShouldNotBeEqual" computerName="runnervmlun5p" duration="00:00:00.0005260" startTime="2026-09-10T15:10:23.5010693+00:00" endTime="2026-09-10T15:10:23.5015948+00:00" testType="13cdc9d9-ddb5-4fa4-a97d-d965ccfc6d4b" outcome="Passed" testListId="8c84fa94-04c1-424b-9868-57a2d4851a1d" relativeResultsDirectory="1bef62b2-904c-4912-bb08-a86526a08da7" />
    <UnitTestResult executionId="93bb9632-771c-4d76-a750-29310ed3c240" testId="b49b82ee-c3b5-e2c6-3b9c-a0d60d114b75" testName="UpdateImageAsync_WhenProductNotFound_ShouldReturnNotFoundError" computerName="runnervmlun5p" duration="00:00:00.0006340" startTime="2026-09-10T15:10:46.9766445+00:00" endTime="2026-09-10T15:10:46.9772788+00:00" testType="13cdc9d9-ddb5-4fa4-a97d-d965ccfc6d4b" outcome="Passed" testListId="8c84fa94-04c1-424b-9868-57a2d4851a1d" relativeResultsDirectory="93bb9632-771c-4d76-a750-29310ed3c240" />
    <UnitTestResult executionId="869bb9b2-387c-4ed6-8ba7-94cfae07d429" testId="13f93f38-fb6a-9fe2-48c8-78667c263a0c" testName="UpdateByIdAsync_WhenUpdateFails_ShouldReturnError" computerName="runnervmlun5p" duration="00:00:00.0091220" startTime="2026-09-10T15:10:47.2403772+00:00" endTime="2026-09-10T15:10:47.2494987+00:00" testType="13cdc9d9-ddb5-4fa4-a97d-d965ccfc6d4b" outcome="Passed" testListId="8c84fa94-04c1-424b-9868-57a2d4851a1d" relativeResultsDirectory="869bb9b2-387c-4ed6-8ba7-94cfae07d429" />
    <UnitTestResult executionId="645691f1-4314-4a6a-bea4-b1a6a4675919" testId="91c6dd67-821c-6661-421c-6b4ada309f3a" testName="ProductoCreado_ShouldIncludeTableHeaders" computerName="runnervmlun5p" duration="00:00:00.0003160" startTime="2026-09-10T15:10:24.5221610+00:00" endTime="2026-09-10T15:10:24.5224768+00:00" testType="13cdc9d9-ddb5-4fa4-a97d-d965ccfc6d4b" outcome="Passed" testListId="8c84fa94-04c1-424b-9868-57a2d4851a1d" relativeResultsDirectory="645691f1-4314-4a6a-bea4-b1a6a4675919" />
    <UnitTestResult executionId="082616e4-d694-4ba2-b14d-c5c95fd3ab82" testId="000cce6a-546c-5967-7d9b-9ab56aec8961" testName="ExtractClaims_WithMissingPayload_ReturnsNull" computerName="runnervmlun5p" duration="00:00:00.0001850" startTime="2026-09-10T15:10:47.1273860+00:00" endTime="2026-09-10T15:10:47.1275712+00:00" testType="13cdc9d9-ddb5-4fa4-a97d-d965ccfc6d4b" outcome="Passed" testListId="8c84fa94-04c1-424b-9868-57a2d4851a1d" relativeResultsDirectory="082616e4-d694-4ba2-b14d-c5c95fd3ab82" />
    <UnitTestResult executionId="5fa59258-973f-45c1-8d2e-e80cef307165" testId="f4ffb505-fca4-4495-0069-e001194a8b68" testName="Create_Get_ShouldReturnFormView" computerName="runnervmlun5p" duration="00:00:00.0040570" startTime="2026-09-10T15:10:46.2107508+00:00" endTime="2026-09-10T15:10:46.2148075+00:00" testType="13cdc9d9-ddb5-4fa4-a97d-d965ccfc6d4b" outcome="Passed" testListId="8c84fa94-04c1-424b-9868-57a2d4851a1d" relativeResultsDirectory="5fa59258-973f-45c1-8d2e-e80cef307165" />
    <UnitTestResult executionId="a5b545b3-1d66-446b-a0aa-4b71043d2369" testId="a5369447-746f-1a16-d471-3e83898eac1d" testName="GetAllAsync_ShouldReturnOnlyNonDeletedProducts" computerName="runnervmlun5p" duration="00:00:00.0184560" startTime="2026-09-10T15:10:46.6944496+00:00" endTime="2026-09-10T15:10:46.7129050+00:00" testType="13cdc9d9-ddb5-4fa4-a97d-d965ccfc6d4b" outcome="Passed" testListId="8c84fa94-04c1-424b-9868-57a2d4851a1d" relativeResultsDirectory="a5b545b3-1d66-446b-a0aa-4b71043d2369" />
    <UnitTestResult executionId="df699ce5-9703-4c8a-bfd1-0ac8b2f523ce" testId="84c7adc5-4905-4074-5c51-cbc53f5a1623" testName="AddCorsPolicy_WhenProductionAndAllowedOriginsProvided_ShouldRegisterProductionPolicy" computerName="runnervmlun5p" duration="00:00:00.0007320" startTime="2026-09-10T15:10:43.9657807+00:00" endTime="2026-09-10T15:10:43.9665130+00:00" testType="13cdc9d9-ddb5-4fa4-a97d-d965ccfc6d4b" outcome="Passed" testListId="8c84fa94-04c1-424b-9868-57a2d4851a1d" relativeResultsDirectory="df699ce5-9703-4c8a-bfd1-0ac8b2f523ce" />
    <UnitTestResult executionId="e1e0043c-8398-4907-ba14-6f852942c821" testId="720148bf-619a-8fd5-5adf-47714648f8c8" testName="Sales_WhenUserIdClaimMissing_ShouldReturnForbid" computerName="runnervmlun5p" duration="00:00:00.0005360" startTime="2026-09-10T15:10:46.2017424+00:00" endTime="2026-09-10T15:10:46.2022778+00:00" testType="13cdc9d9-ddb5-4fa4-a97d-d965ccfc6d4b" outcome="Passed" testListId="8c84fa94-04c1-424b-9868-57a2d4851a1d" relativeResultsDirectory="e1e0043c-8398-4907-ba14-6f852942c821" />
    <UnitTestResult executionId="3969a652-966b-4a21-bfbb-e9489de8e07d" testId="feb448ca-1262-4fda-5e5a-592a2cb71f27" testName="AdminStatsDto_ProductsByCategory_ShouldGetAndSet" computerName="runnervmlun5p" duration="00:00:00.0003280" startTime="2026-09-10T15:10:23.4995913+00:00" endTime="2026-09-10T15:10:23.4999190+00:00" testType="13cdc9d9-ddb5-4fa4-a97d-d965ccfc6d4b" outcome="Passed" testListId="8c84fa94-04c1-424b-9868-57a2d4851a1d" relativeResultsDirectory="3969a652-966b-4a21-bfbb-e9489de8e07d" />
    <UnitTestResult executionId="e5993c15-d91c-4eac-90f0-e085707e0c9f" testId="4b3d2192-31f6-3196-bb41-f17278ccf935" testName="PedidoConfirmado_ShouldIncludeClientName" computerName="runnervmlun5p" duration="00:00:00.0002270" startTime="2026-09-10T15:10:24.5188321+00:00" endTime="2026-09-10T15:10:24.5190593+00:00" testType="13cdc9d9-ddb5-4fa4-a97d-d965ccfc6d4b" outcome="Passed" testListId="8c84fa94-04c1-424b-9868-57a2d4851a1d" relativeResultsDirectory="e5993c15-d91c-4eac-90f0-e085707e0c9f" />
    <UnitTestResult executionId="0f24daf4-52f1-4089-a0cc-c6ea363698b6" testId="73525644-9cf6-3cee-6bc3-7f8a5fa49e68" testName="GetCategoriesAsync_ShouldReturnAllCategoryNames" computerName="runnervmlun5p" duration="00:00:00.0045100" startTime="2026-09-10T15:10:46.6309722+00:00" endTime="2026-09-10T15:10:46.6354817+00:00" testType="13cdc9d9-ddb5-4fa4-a97d-d965ccfc6d4b" outcome="Passed" testListId="8c84fa94-04c1-424b-9868-57a2d4851a1d" relativeResultsDirectory="0f24daf4-52f1-4089-a0cc-c6ea363698b6" />
    <UnitTestResult executionId="32267875-d05f-4f2a-b848-d17eb99f2d61" testId="864ed8a8-568e-6c95-b79c-47b82a1f7f44" testName="DecreaseQty_WhenQtyEquals1_ShouldRemoveProduct" computerName="runnervmlun5p" duration="00:00:00.0014660" startTime="2026-09-10T15:10:46.1469245+00:00" endTime="2026-09-10T15:10:46.1483908+00:00" testType="13cdc9d9-ddb5-4fa4-a97d-d965ccfc6d4b" outcome="Passed" testListId="8c84fa94-04c1-424b-9868-57a2d4851a1d" relativeResultsDirectory="32267875-d05f-4f2a-b848-d17eb99f2d61" />
    <UnitTestResult executionId="8a1c9922-e96a-4317-a0b4-db08aceb1413" testId="ab74434c-00b5-f69d-dc89-7e84d401e22c" testName="Login_ReturnsBadRequest_WhenOtherError" computerName="runnervmlun5p" duration="00:00:00.0061950" startTime="2026-09-10T15:10:46.3344279+00:00" endTime="2026-09-10T15:10:46.3406227+00:00" testType="13cdc9d9-ddb5-4fa4-a97d-d965ccfc6d4b" outcome="Passed" testListId="8c84fa94-04c1-424b-9868-57a2d4851a1d" relativeResultsDirectory="8a1c9922-e96a-4317-a0b4-db08aceb1413" />
    <UnitTestResult executionId="0611df01-8619-4eb3-bd5d-4b6218456512" testId="cda00d9b-450c-284c-97d6-7ec058fbae1c" testName="EditProfile_Post_WithInvalidModel_ShouldReturnView" computerName="runnervmlun5p" duration="00:00:00.0007320" startTime="2026-09-10T15:10:46.3223009+00:00" endTime="2026-09-10T15:10:46.3230332+00:00" testType="13cdc9d9-ddb5-4fa4-a97d-d965ccfc6d4b" outcome="Passed" testListId="8c84fa94-04c1-424b-9868-57a2d4851a1d" relativeResultsDirectory="0611df01-8619-4eb3-bd5d-4b6218456512" />
    <UnitTestResult executionId="8bbc1bc2-fe8c-4bcd-8ae6-a50e29d60545" testId="29329829-037f-846a-c960-3c9c9da01573" testName="RegisterDto_Equality_ShouldWork" computerName="runnervmlun5p" duration="00:00:00.0002700" startTime="2026-09-10T15:10:47.0062338+00:00" endTime="2026-09-10T15:10:47.0065033+00:00" testType="13cdc9d9-ddb5-4fa4-a97d-d965ccfc6d4b" outcome="Passed" testListId="8c84fa94-04c1-424b-9868-57a2d4851a1d" relativeResultsDirectory="8bbc1bc2-fe8c-4bcd-8ae6-a50e29d60545" />
    <UnitTestResult executionId="352b68ba-05f0-465e-9885-a36f6c61a907" testId="78404f4a-ec29-2642-d8f9-b3f9b35d6a09" testName="ClientDto_WithInvalidEmail_ShouldFailValidation" computerName="runnervmlun5p" duration="00:00:00.0033460" startTime="2026-09-10T15:10:20.6584319+00:00" endTime="2026-09-10T15:10:20.6617771+00:00" testType="13cdc9d9-ddb5-4fa4-a97d-d965ccfc6d4b" outcome="Passed" testListId="8c84fa94-04c1-424b-9868-57a2d4851a1d" relativeResultsDirectory="352b68ba-05f0-465e-9885-a36f6c61a907" />
    <UnitTestResult executionId="87ef1257-9548-4507-ab3e-5c01ef1f2a88" testId="d0ba0c1c-218e-7e27-c259-0a5805d96a82" testName="CreateCheckoutSessionAsync_WhenStripeExceptionIsThrown_ReturnsFailureAndLogsWarning" computerName="runnervmlun5p" duration="00:00:00.0015870" startTime="2026-09-10T15:10:46.9992630+00:00" endTime="2026-09-10T15:10:47.0008503+00:00" testType="13cdc9d9-ddb5-4fa4-a97d-d965ccfc6d4b" outcome="Passed" testListId="8c84fa94-04c1-424b-9868-57a2d4851a1d" relativeResultsDirectory="87ef1257-9548-4507-ab3e-5c01ef1f2a88" />
    <UnitTestResult executionId="1fa16b1d-883c-4346-93d2-79fad4c8e779" testId="7df4535f-13fb-6d01-c6de-e056b997a098" testName="ToOrderListViewModel_ShouldMapCorrectly" computerName="runnervmlun5p" duration="00:00:00.0010780" startTime="2026-09-10T15:10:45.8657208+00:00" endTime="2026-09-10T15:10:45.8667992+00:00" testType="13cdc9d9-ddb5-4fa4-a97d-d965ccfc6d4b" outcome="Passed" testListId="8c84fa94-04c1-424b-9868-57a2d4851a1d" relativeResultsDirectory="1fa16b1d-883c-4346-93d2-79fad4c8e779" />
    <UnitTestResult executionId="29c1bee9-0caa-4556-b5a8-3c4eb3a922b6" testId="076bd97c-4a7b-fc0d-75ce-d1797ba764ab" testName="Delete_WhenAdmin_ShouldBypassCreatorCheckAndRedirect" computerName="runnervmlun5p" duration="00:00:00.0021100" startTime="2026-09-10T15:10:46.2207567+00:00" endTime="2026-09-10T15:10:46.2228669+00:00" testType="13cdc9d9-ddb5-4fa4-a97d-d965ccfc6d4b" outcome="Passed" testListId="8c84fa94-04c1-424b-9868-57a2d4851a1d" relativeResultsDirectory="29c1bee9-0caa-4556-b5a8-3c4eb3a922b6" />
    <UnitTestResult executionId="cd3419e1-90e8-4f61-946e-67e9dc2135d1" testId="f75111cb-12cb-47f2-e262-cec2c5408ea8" testName="ExecuteAsync_WithMultipleMessages_ShouldProcessAll" computerName="runnervmlun5p" duration="00:00:00.4035690" startTime="2026-09-10T15:10:23.9899844+00:00" endTime="2026-09-10T15:10:24.3935532+00:00" testType="13cdc9d9-ddb5-4fa4-a97d-d965ccfc6d4b" outcome="Passed" testListId="8c84fa94-04c1-424b-9868-57a2d4851a1d" relativeResultsDirectory="cd3419e1-90e8-4f61-946e-67e9dc2135d1" />
    <UnitTestResult executionId="455bee98-012c-4e97-97ba-01a8f025590a" testId="24111c7f-ee1e-5a1b-0481-ca8221b613f0" testName="UserProfileViewModel_AvatarUrl_CustomAvatar" computerName="runnervmlun5p" duration="00:00:00.0002940" startTime="2026-09-10T15:10:46.0418881+00:00" endTime="2026-09-10T15:10:46.0421816+00:00" testType="13cdc9d9-ddb5-4fa4-a97d-d965ccfc6d4b" outcome="Passed" testListId="8c84fa94-04c1-424b-9868-57a2d4851a1d" relativeResultsDirectory="455bee98-012c-4e97-97ba-01a8f025590a" />
    <UnitTestResult executionId="5da88eee-6252-4ae5-8383-b7abf357901f" testId="7b2558e8-1f07-1a7c-7a54-337957390f69" testName="Edit_Get_WhenUserIsNotCreator_ShouldReturnForbid" computerName="runnervmlun5p" duration="00:00:00.0007480" startTime="2026-09-10T15:10:46.2438433+00:00" endTime="2026-09-10T15:10:46.2445912+00:00" testType="13cdc9d9-ddb5-4fa4-a97d-d965ccfc6d4b" outcome="Passed" testListId="8c84fa94-04c1-424b-9868-57a2d4851a1d" relativeResultsDirectory="5da88eee-6252-4ae5-8383-b7abf357901f" />
    <UnitTestResult executionId="52fbd02c-8370-4982-a7bb-542b4c5c1859" testId="9c74d23e-e8f3-94da-e0b6-22f0f2cfede5" testName="PedidoConfirmado_ShouldIncludeProductIds" computerName="runnervmlun5p" duration="00:00:00.0003230" startTime="2026-09-10T15:10:24.5193527+00:00" endTime="2026-09-10T15:10:24.5196755+00:00" testType="13cdc9d9-ddb5-4fa4-a97d-d965ccfc6d4b" outcome="Passed" testListId="8c84fa94-04c1-424b-9868-57a2d4851a1d" relativeResultsDirectory="52fbd02c-8370-4982-a7bb-542b4c5c1859" />
    <UnitTestResult executionId="985c1358-00e4-4468-a0b0-df3b9ff7d891" testId="2e51fa25-08d9-b4ef-7e69-b69865d41391" testName="DeleteAsync_ReturnsOk_WhenValid_AndManagerIsCreator" computerName="runnervmlun5p" duration="00:00:00.0009370" startTime="2026-09-10T15:10:46.3801141+00:00" endTime="2026-09-10T15:10:46.3810508+00:00" testType="13cdc9d9-ddb5-4fa4-a97d-d965ccfc6d4b" outcome="Passed" testListId="8c84fa94-04c1-424b-9868-57a2d4851a1d" relativeResultsDirectory="985c1358-00e4-4468-a0b0-df3b9ff7d891" />
    <UnitTestResult executionId="3da40f07-a1be-4003-9a86-1447eb0567d3" testId="cabddf4b-0822-1477-f1c4-c5cdd6d5ba30" testName="FilterDto_WhenNombreAndCategoriaAreNull_ShouldBeNull" computerName="runnervmlun5p" duration="00:00:00.0001650" startTime="2026-09-10T15:10:23.5006216+00:00" endTime="2026-09-10T15:10:23.5007867+00:00" testType="13cdc9d9-ddb5-4fa4-a97d-d965ccfc6d4b" outcome="Passed" testListId="8c84fa94-04c1-424b-9868-57a2d4851a1d" relativeResultsDirectory="3da40f07-a1be-4003-9a86-1447eb0567d3" />
    <UnitTestResult executionId="edd3f828-8d58-4a2d-9f0d-c2839e7c076b" testId="bec2ef2f-a728-7db9-5859-8f5082ac531e" testName="StartAsync_ShouldLogInitiatedMessage" computerName="runnervmlun5p" duration="00:00:00.3029980" startTime="2026-09-10T15:10:41.8479045+00:00" endTime="2026-09-10T15:10:42.1509018+00:00" testType="13cdc9d9-ddb5-4fa4-a97d-d965ccfc6d4b" outcome="Passed" testListId="8c84fa94-04c1-424b-9868-57a2d4851a1d" relativeResultsDirectory="edd3f828-8d58-4a2d-9f0d-c2839e7c076b" />
    <UnitTestResult executionId="56632328-8f05-4896-a320-04843c79d716" testId="8c046a78-b8b3-f4cd-2458-256bf289db8d" testName="ExtractClaims_WithUnsignedToken_ReturnsClaimsPrincipal" computerName="runnervmlun5p" duration="00:00:00.0011509" startTime="2026-09-10T15:10:47.1275935+00:00" endTime="2026-09-10T15:10:47.1287446+00:00" testType="13cdc9d9-ddb5-4fa4-a97d-d965ccfc6d4b" outcome="Passed" testListId="8c84fa94-04c1-424b-9868-57a2d4851a1d" relativeResultsDirectory="56632328-8f05-4896-a320-04843c79d716" />
    <UnitTestResult executionId="2d3e420b-5abd-426c-8421-d1ff555da7ab" testId="825f34ff-c5eb-3ca0-8b08-a8736ef69bfa" testName="DeleteByIdAsync_ShouldCallRepositoryDeleteCart" computerName="runnervmlun5p" duration="00:00:00.0019790" startTime="2026-09-10T15:10:23.3894571+00:00" endTime="2026-09-10T15:10:23.3914359+00:00" testType="13cdc9d9-ddb5-4fa4-a97d-d965ccfc6d4b" outcome="Passed" testListId="8c84fa94-04c1-424b-9868-57a2d4851a1d" relativeResultsDirectory="2d3e420b-5abd-426c-8421-d1ff555da7ab" />
    <UnitTestResult executionId="102627bb-5aa3-4e2f-8de1-560e04cc966d" testId="83597831-b765-d47b-5f35-3961ca1fc93f" testName="CancelSaleLineAsync_ReturnsNotFound_WhenCartNotFound" computerName="runnervmlun5p" duration="00:00:00.0008070" startTime="2026-09-10T15:10:46.3608323+00:00" endTime="2026-09-10T15:10:46.3616390+00:00" testType="13cdc9d9-ddb5-4fa4-a97d-d965ccfc6d4b" outcome="Passed" testListId="8c84fa94-04c1-424b-9868-57a2d4851a1d" relativeResultsDirectory="102627bb-5aa3-4e2f-8de1-560e04cc966d" />
    <UnitTestResult executionId="cd6e2d79-cae5-40d4-9aac-6db596402a89" testId="0005cf25-1634-027a-916c-e589c9192562" testName="InsufficientStockError_ShouldAlsoInheritFromDomainError" computerName="runnervmlun5p" duration="00:00:00.0002680" startTime="2026-09-10T15:10:46.6012925+00:00" endTime="2026-09-10T15:10:46.6015602+00:00" testType="13cdc9d9-ddb5-4fa4-a97d-d965ccfc6d4b" outcome="Passed" testListId="8c84fa94-04c1-424b-9868-57a2d4851a1d" relativeResultsDirectory="cd6e2d79-cae5-40d4-9aac-6db596402a89" />
    <UnitTestResult executionId="bf5b70de-fe74-4dbd-833c-e928e4f7c0a7" testId="f5dde445-86b3-2e77-5a18-b6795399738e" testName="UpdateImageAsync_WhenNoValidImages_ShouldReturnUnchanged" computerName="runnervmlun5p" duration="00:00:00.0012669" startTime="2026-09-10T15:10:46.9753507+00:00" endTime="2026-09-10T15:10:46.9766177+00:00" testType="13cdc9d9-ddb5-4fa4-a97d-d965ccfc6d4b" outcome="Passed" testListId="8c84fa94-04c1-424b-9868-57a2d4851a1d" relativeResultsDirectory="bf5b70de-fe74-4dbd-833c-e928e4f7c0a7" />
    <UnitTestResult executionId="173837b9-c4a4-4a4e-92fc-9837f9584658" testId="03c07d60-8abc-79ac-a9b6-fb67816ca263" testName="CheckoutAsync_WhenCartNotFound_ShouldReturnCartNotFoundError" computerName="runnervmlun5p" duration="00:00:00.0009320" startTime="2026-09-10T15:10:23.3630796+00:00" endTime="2026-09-10T15:10:23.3640117+00:00" testType="13cdc9d9-ddb5-4fa4-a97d-d965ccfc6d4b" outcome="Passed" testListId="8c84fa94-04c1-424b-9868-57a2d4851a1d" relativeResultsDirectory="173837b9-c4a4-4a4e-92fc-9837f9584658" />
    <UnitTestResult executionId="1c049ba3-c0df-4013-88ae-f074e61ba55a" testId="8ea9a562-63ca-9f51-ac08-dbfa68e9c05f" testName="GetCartByUserIdAsync_WhenCartExists_ShouldReturnCartDto" computerName="runnervmlun5p" duration="00:00:00.0014160" startTime="2026-09-10T15:10:23.4020325+00:00" endTime="2026-09-10T15:10:23.4034482+00:00" testType="13cdc9d9-ddb5-4fa4-a97d-d965ccfc6d4b" outcome="Passed" testListId="8c84fa94-04c1-424b-9868-57a2d4851a1d" relativeResultsDirectory="1c049ba3-c0df-4013-88ae-f074e61ba55a" />
    <UnitTestResult executionId="5623b386-42bc-4aa5-8aa8-22d99a99a551" testId="3eda869c-7537-b13f-c46c-be53f5f28891" testName="PedidoConfirmado_ShouldIncludeThanksMessage" computerName="runnervmlun5p" duration="00:00:00.0002890" startTime="2026-09-10T15:10:24.5196945+00:00" endTime="2026-09-10T15:10:24.5199839+00:00" testType="13cdc9d9-ddb5-4fa4-a97d-d965ccfc6d4b" outcome="Passed" testListId="8c84fa94-04c1-424b-9868-57a2d4851a1d" relativeResultsDirectory="5623b386-42bc-4aa5-8aa8-22d99a99a551" />
    <UnitTestResult executionId="2f271aee-e801-4df3-9af8-879c0bced188" testId="9f71bdbe-eb31-78b0-b182-25990bf9c453" testName="SetTelefono_AlreadyClean_ShouldKeepAsIs" computerName="runnervmlun5p" duration="00:00:00.0047840" startTime="2026-09-10T15:10:47.0068592+00:00" endTime="2026-09-10T15:10:47.0116420+00:00" testType="13cdc9d9-ddb5-4fa4-a97d-d965ccfc6d4b" outcome="Passed" testListId="8c84fa94-04c1-424b-9868-57a2d4851a1d" relativeResultsDirectory="2f271aee-e801-4df3-9af8-879c0bced188" />
    <UnitTestResult executionId="810d66c1-33c1-4f89-a048-c4111759a601" testId="bbeaf052-3d1b-4b8a-84a1-2b9bed8c51af" testName="GetFullPath_WhenUploadPathPrefix_OnWindows_ReturnsAsIs" computerName="runnervmlun5p" duration="00:00:00.0005610" startTime="2026-09-10T15:10:24.6739349+00:00" endTime="2026-09-10T15:10:24.6744959+00:00" testType="13cdc9d9-ddb5-4fa4-a97d-d965ccfc6d4b" outcome="Passed" testListId="8c84fa94-04c1-424b-9868-57a2d4851a1d" relativeResultsDirectory="810d66c1-33c1-4f89-a048-c4111759a601" />
    <UnitTestResult executionId="05c35e5b-4ead-419f-b7e0-8ddf978d7a90" testId="8895fbaa-5427-a616-089c-2fc04bae3a7b" testName="GetAllAsync_WithNameFilter_ShouldFilterByName" computerName="runnervmlun5p" duration="00:00:00.0206180" startTime="2026-09-10T15:10:46.8047370+00:00" endTime="2026-09-10T15:10:46.8253535+00:00" testType="13cdc9d9-ddb5-4fa4-a97d-d965ccfc6d4b" outcome="Passed" testListId="8c84fa94-04c1-424b-9868-57a2d4851a1d" relativeResultsDirectory="05c35e5b-4ead-419f-b7e0-8ddf978d7a90" />
    <UnitTestResult executionId="9752754e-1af2-46e3-867e-e68e330466a7" testId="6ee8dfbb-7529-f4b2-ef25-718541def7fe" testName="ToOrderDetailViewModel_ShouldMapFieldsAndLinesCorrectly" computerName="runnervmlun5p" duration="00:00:00.0042119" startTime="2026-09-10T15:10:45.8612379+00:00" endTime="2026-09-10T15:10:45.8654497+00:00" testType="13cdc9d9-ddb5-4fa4-a97d-d965ccfc6d4b" outcome="Passed" testListId="8c84fa94-04c1-424b-9868-57a2d4851a1d" relativeResultsDirectory="9752754e-1af2-46e3-867e-e68e330466a7" />
    <UnitTestResult executionId="e5ee4ffb-9ba4-4298-857f-962e9868d3a7" testId="7e7bf9db-0e62-5503-9471-53e02a28eb0d" testName="CreateProductAsync_ShouldPersistAndReturnProduct" computerName="runnervmlun5p" duration="00:00:00.0048830" startTime="2026-09-10T15:10:46.6498270+00:00" endTime="2026-09-10T15:10:46.6547096+00:00" testType="13cdc9d9-ddb5-4fa4-a97d-d965ccfc6d4b" outcome="Passed" testListId="8c84fa94-04c1-424b-9868-57a2d4851a1d" relativeResultsDirectory="e5ee4ffb-9ba4-4298-857f-962e9868d3a7" />
    <UnitTestResult executionId="c3628de2-4c41-4c72-995f-20395835cb05" testId="8c2819db-1aac-d5f4-9509-2f96728108fa" testName="GetCartByUserIdAsync_ReturnsNotFound_WhenCartNotFound" computerName="runnervmlun5p" duration="00:00:00.0015500" startTime="2026-09-10T15:10:46.3635208+00:00" endTime="2026-09-10T15:10:46.3650708+00:00" testType="13cdc9d9-ddb5-4fa4-a97d-d965ccfc6d4b" outcome="Passed" testListId="8c84fa94-04c1-424b-9868-57a2d4851a1d" relativeResultsDirectory="c3628de2-4c41-4c72-995f-20395835cb05" />
    <UnitTestResult executionId="bd6d74a1-7340-460c-ac9e-b08a936e03c5" testId="b28dc97d-62ff-5b3b-c4a2-8c02472333ff" testName="CancelSaleAsync_WhenLineNotFound_ShouldReturnCartNotFoundError" computerName="runnervmlun5p" duration="00:00:00.0009280" startTime="2026-09-10T15:10:23.3507790+00:00" endTime="2026-09-10T15:10:23.3517067+00:00" testType="13cdc9d9-ddb5-4fa4-a97d-d965ccfc6d4b" outcome="Passed" testListId="8c84fa94-04c1-424b-9868-57a2d4851a1d" relativeResultsDirectory="bd6d74a1-7340-460c-ac9e-b08a936e03c5" />
    <UnitTestResult executionId="cc250cf4-92fc-4a15-a6a0-635a906ed1ff" testId="992a3055-4cef-ba26-9b6f-869ccad7138a" testName="UpdateAsync_WhenProductNotFound_ShouldReturnNotFoundError" computerName="runnervmlun5p" duration="00:00:00.0008620" startTime="2026-09-10T15:10:46.9703149+00:00" endTime="2026-09-10T15:10:46.9711769+00:00" testType="13cdc9d9-ddb5-4fa4-a97d-d965ccfc6d4b" outcome="Passed" testListId="8c84fa94-04c1-424b-9868-57a2d4851a1d" relativeResultsDirectory="cc250cf4-92fc-4a15-a6a0-635a906ed1ff" />
    <UnitTestResult executionId="123e2282-abd8-4f0d-bc5e-684064ab34f0" testId="b161bad9-dd63-2b0a-38c0-b86d5df22e1c" testName="PutAsync_ReturnsNotFound_WhenCreatorIdFetchFails" computerName="runnervmlun5p" duration="00:00:00.0008430" startTime="2026-09-10T15:10:46.4024668+00:00" endTime="2026-09-10T15:10:46.4033093+00:00" testType="13cdc9d9-ddb5-4fa4-a97d-d965ccfc6d4b" outcome="Passed" testListId="8c84fa94-04c1-424b-9868-57a2d4851a1d" relativeResultsDirectory="123e2282-abd8-4f0d-bc5e-684064ab34f0" />
    <UnitTestResult executionId="887d96ca-22a4-4ba2-9b2d-1d1234e3d16e" testId="1a728a20-86c4-470a-590a-d0af2875f78e" testName="AdminStatsDto_TotalProducts_ShouldGetAndSet" computerName="runnervmlun5p" duration="00:00:00.0001350" startTime="2026-09-10T15:10:23.5001360+00:00" endTime="2026-09-10T15:10:23.5002707+00:00" testType="13cdc9d9-ddb5-4fa4-a97d-d965ccfc6d4b" outcome="Passed" testListId="8c84fa94-04c1-424b-9868-57a2d4851a1d" relativeResultsDirectory="887d96ca-22a4-4ba2-9b2d-1d1234e3d16e" />
    <UnitTestResult executionId="4da5430c-bb6c-498b-8726-9e962d1ce380" testId="8c1eba48-ea0b-32e9-7db1-c5e28d0e4ebe" testName="CorsConfig_AddCorsPolicy_ShouldRegisterServices" computerName="runnervmlun5p" duration="00:00:00.0009880" startTime="2026-09-10T15:10:43.4949388+00:00" endTime="2026-09-10T15:10:43.4959266+00:00" testType="13cdc9d9-ddb5-4fa4-a97d-d965ccfc6d4b" outcome="Passed" testListId="8c84fa94-04c1-424b-9868-57a2d4851a1d" relativeResultsDirectory="4da5430c-bb6c-498b-8726-9e962d1ce380" />
    <UnitTestResult executionId="83a073a5-a022-4c3a-abeb-cd51772cd897" testId="986df385-316c-e3f0-5c3e-eb6f32e02977" testName="CreateBase_ShouldReturnValidHtmlDoctype" computerName="runnervmlun5p" duration="00:00:00.0003470" startTime="2026-09-10T15:10:24.5166018+00:00" endTime="2026-09-10T15:10:24.5169492+00:00" testType="13cdc9d9-ddb5-4fa4-a97d-d965ccfc6d4b" outcome="Passed" testListId="8c84fa94-04c1-424b-9868-57a2d4851a1d" relativeResultsDirectory="83a073a5-a022-4c3a-abeb-cd51772cd897" />
    <UnitTestResult executionId="4a0ebf49-e91c-48d1-9702-25b31b9534a0" testId="5a8f886a-c88b-dbb4-9302-d032d6e8c56c" testName="AddProcuctAsync_ReturnsNotFound_WhenCartNotFound" computerName="runnervmlun5p" duration="00:00:00.0010090" startTime="2026-09-10T15:10:46.3556462+00:00" endTime="2026-09-10T15:10:46.3566555+00:00" testType="13cdc9d9-ddb5-4fa4-a97d-d965ccfc6d4b" outcome="Passed" testListId="8c84fa94-04c1-424b-9868-57a2d4851a1d" relativeResultsDirectory="4a0ebf49-e91c-48d1-9702-25b31b9534a0" />
    <UnitTestResult executionId="d271a9bf-33e6-4721-9f29-198148c70284" testId="51686eff-caea-77ff-0e59-f0c178cbfe2e" testName="Success_WhenCartNotFound_ShouldReturnViewWithError" computerName="runnervmlun5p" duration="00:00:00.0008460" startTime="2026-09-10T15:10:46.1870274+00:00" endTime="2026-09-10T15:10:46.1878728+00:00" testType="13cdc9d9-ddb5-4fa4-a97d-d965ccfc6d4b" outcome="Passed" testListId="8c84fa94-04c1-424b-9868-57a2d4851a1d" relativeResultsDirectory="d271a9bf-33e6-4721-9f29-198148c70284" />
    <UnitTestResult executionId="5b454a24-4d93-4144-b3d9-af879cede91e" testId="a076a1af-f114-cc0f-caca-99096fd34ad9" testName="ProductBadRequestError_ShouldInheritFromProductError" computerName="runnervmlun5p" duration="00:00:00.0002200" startTime="2026-09-10T15:10:46.6019310+00:00" endTime="2026-09-10T15:10:46.6021509+00:00" testType="13cdc9d9-ddb5-4fa4-a97d-d965ccfc6d4b" outcome="Passed" testListId="8c84fa94-04c1-424b-9868-57a2d4851a1d" relativeResultsDirectory="5b454a24-4d93-4144-b3d9-af879cede91e" />
    <UnitTestResult executionId="992c412d-3e3a-4e6f-910b-650a87f5d2b8" testId="b9dfe886-4b3e-b1fb-8936-e3959d4918b1" testName="RestoreStockAsync_WhenCartNotPurchased_ShouldRestoreStockAndResetCheckout" computerName="runnervmlun5p" duration="00:00:00.0021280" startTime="2026-09-10T15:10:23.4222448+00:00" endTime="2026-09-10T15:10:23.4243727+00:00" testType="13cdc9d9-ddb5-4fa4-a97d-d965ccfc6d4b" outcome="Passed" testListId="8c84fa94-04c1-424b-9868-57a2d4851a1d" relativeResultsDirectory="992c412d-3e3a-4e6f-910b-650a87f5d2b8" />
    <UnitTestResult executionId="e9cb5b18-2db8-4a44-aaa4-e9179bee4d07" testId="24a28f96-de66-fe31-4fa9-1d6d1f151aa1" testName="First_WhenPageNumberIsZero_ShouldBeTrue" computerName="runnervmlun5p" duration="00:00:00.0001410" startTime="2026-09-10T15:10:23.5035186+00:00" endTime="2026-09-10T15:10:23.5036600+00:00" testType="13cdc9d9-ddb5-4fa4-a97d-d965ccfc6d4b" outcome="Passed" testListId="8c84fa94-04c1-424b-9868-57a2d4851a1d" relativeResultsDirectory="e9cb5b18-2db8-4a44-aaa4-e9179bee4d07" />
    <UnitTestResult executionId="a10b0cd1-f187-41f4-b22d-44c105f94324" testId="c030117f-4018-3774-2412-67edd24c1ac6" testName="SaleLineDto_Properties_ShouldBeAssignableAndReadable" computerName="runnervmlun5p" duration="00:00:00.0009140" startTime="2026-09-10T15:10:20.6684578+00:00" endTime="2026-09-10T15:10:20.6693718+00:00" testType="13cdc9d9-ddb5-4fa4-a97d-d965ccfc6d4b" outcome="Passed" testListId="8c84fa94-04c1-424b-9868-57a2d4851a1d" relativeResultsDirectory="a10b0cd1-f187-41f4-b22d-44c105f94324" />
    <UnitTestResult executionId="c52d12c4-203f-4690-9b70-4b1f8fcd9d31" testId="118808bb-2594-a954-dacc-020409fc7406" testName="SaveFileAsync_WhenPathTraversalInFilename_ShouldReturnFailure" computerName="runnervmlun5p" duration="00:00:00.0011590" startTime="2026-09-10T15:10:24.7240345+00:00" endTime="2026-09-10T15:10:24.7251930+00:00" testType="13cdc9d9-ddb5-4fa4-a97d-d965ccfc6d4b" outcome="Passed" testListId="8c84fa94-04c1-424b-9868-57a2d4851a1d" relativeResultsDirectory="c52d12c4-203f-4690-9b70-4b1f8fcd9d31" />
    <UnitTestResult executionId="ee3d5ced-5c72-441a-859e-fb31a2053ff2" testId="8f64baaf-9255-1bfb-3c97-7553175e780f" testName="GetNewSalesCountAsync_WhenRepositoryThrows_ShouldReturnError" computerName="runnervmlun5p" duration="00:00:00.0043980" startTime="2026-09-10T15:10:23.4095513+00:00" endTime="2026-09-10T15:10:23.4139492+00:00" testType="13cdc9d9-ddb5-4fa4-a97d-d965ccfc6d4b" outcome="Passed" testListId="8c84fa94-04c1-424b-9868-57a2d4851a1d" relativeResultsDirectory="ee3d5ced-5c72-441a-859e-fb31a2053ff2" />
    <UnitTestResult executionId="8b09b623-f68a-4de4-89b8-f92856d6cdbb" testId="5c2c7e2a-306c-b6b2-0234-839286042f07" testName="AddCommentAsync_WhenProductFound_ShouldAddCommentAndInvalidateCache" computerName="runnervmlun5p" duration="00:00:00.0096840" startTime="2026-09-10T15:10:46.9086912+00:00" endTime="2026-09-10T15:10:46.9183751+00:00" testType="13cdc9d9-ddb5-4fa4-a97d-d965ccfc6d4b" outcome="Passed" testListId="8c84fa94-04c1-424b-9868-57a2d4851a1d" relativeResultsDirectory="8b09b623-f68a-4de4-89b8-f92856d6cdbb" />
    <UnitTestResult executionId="ca3e489f-db55-48f7-a0ea-b4e67e70efa3" testId="6e8734ea-f3e8-51df-bc56-010fdc272a3d" testName="GetById_ReturnsBadRequest_WhenOtherError" computerName="runnervmlun5p" duration="00:00:00.0013580" startTime="2026-09-10T15:10:46.4162643+00:00" endTime="2026-09-10T15:10:46.4176217+00:00" testType="13cdc9d9-ddb5-4fa4-a97d-d965ccfc6d4b" outcome="Passed" testListId="8c84fa94-04c1-424b-9868-57a2d4851a1d" relativeResultsDirectory="ca3e489f-db55-48f7-a0ea-b4e67e70efa3" />
    <UnitTestResult executionId="32bda9e5-d4f0-4491-b24b-ecc5aff4d8e7" testId="f5f8c539-3db3-dd12-4d17-a402213a9bf5" testName="GetJson_WhenKeyExists_ShouldReturnDeserializedObject" computerName="runnervmlun5p" duration="00:00:00.0026920" startTime="2026-09-10T15:10:46.5960618+00:00" endTime="2026-09-10T15:10:46.5987531+00:00" testType="13cdc9d9-ddb5-4fa4-a97d-d965ccfc6d4b" outcome="Passed" testListId="8c84fa94-04c1-424b-9868-57a2d4851a1d" relativeResultsDirectory="32bda9e5-d4f0-4491-b24b-ecc5aff4d8e7" />
    <UnitTestResult executionId="c9d416b4-2610-4022-9106-945cf81baf83" testId="d824b692-6450-4c13-973d-0d99ef7679a4" testName="Detail_WhenCartNotPurchased_ShouldReturnNotFound" computerName="runnervmlun5p" duration="00:00:00.0006910" startTime="2026-09-10T15:10:46.1556110+00:00" endTime="2026-09-10T15:10:46.1563023+00:00" testType="13cdc9d9-ddb5-4fa4-a97d-d965ccfc6d4b" outcome="Passed" testListId="8c84fa94-04c1-424b-9868-57a2d4851a1d" relativeResultsDirectory="c9d416b4-2610-4022-9106-945cf81baf83" />
    <UnitTestResult executionId="a21767d7-e002-4e6b-85e4-a2267ac88f5c" testId="7b9f4a16-cbdd-c771-0103-a06308ce88d9" testName="Register_ReturnsConflict_WhenUserConflict" computerName="runnervmlun5p" duration="00:00:00.0012090" startTime="2026-09-10T15:10:46.3483426+00:00" endTime="2026-09-10T15:10:46.3495519+00:00" testType="13cdc9d9-ddb5-4fa4-a97d-d965ccfc6d4b" outcome="Passed" testListId="8c84fa94-04c1-424b-9868-57a2d4851a1d" relativeResultsDirectory="a21767d7-e002-4e6b-85e4-a2267ac88f5c" />
    <UnitTestResult executionId="6d8ef3f5-0f5d-4506-b99d-2ce9cbf14d33" testId="005243cd-39e3-d187-bcc4-a28a0a3c353f" testName="IsValidTokenFormat_ReturnsExpectedResult(&quot;header.payload.signature&quot;,True)" computerName="runnervmlun5p" duration="00:00:00.0003740" startTime="2026-09-10T15:10:47.1368350+00:00" endTime="2026-09-10T15:10:47.1372087+00:00" testType="13cdc9d9-ddb5-4fa4-a97d-d965ccfc6d4b" outcome="Passed" testListId="8c84fa94-04c1-424b-9868-57a2d4851a1d" relativeResultsDirectory="6d8ef3f5-0f5d-4506-b99d-2ce9cbf14d33" />
    <UnitTestResult executionId="61e6814f-fc39-4643-84be-1c9e2a15ff05" testId="9873e590-9bbe-f86a-86c2-32955a7c7a6b" testName="Cancel_ShouldReturnView" computerName="runnervmlun5p" duration="00:00:00.0002900" startTime="2026-09-10T15:10:46.1356332+00:00" endTime="2026-09-10T15:10:46.1359230+00:00" testType="13cdc9d9-ddb5-4fa4-a97d-d965ccfc6d4b" outcome="Passed" testListId="8c84fa94-04c1-424b-9868-57a2d4851a1d" relativeResultsDirectory="61e6814f-fc39-4643-84be-1c9e2a15ff05" />
    <UnitTestResult executionId="428a97df-a8f6-4153-9bdb-95663db257c4" testId="887ce646-81dd-f696-2ea6-83340c5f7a51" testName="CheckoutViewModel_MissingRequiredFields_ShouldHaveValidationErrors" computerName="runnervmlun5p" duration="00:00:00.0013780" startTime="2026-09-10T15:10:46.0273810+00:00" endTime="2026-09-10T15:10:46.0287590+00:00" testType="13cdc9d9-ddb5-4fa4-a97d-d965ccfc6d4b" outcome="Passed" testListId="8c84fa94-04c1-424b-9868-57a2d4851a1d" relativeResultsDirectory="428a97df-a8f6-4153-9bdb-95663db257c4" />
    <UnitTestResult executionId="9c3bd897-5fb6-45d6-810b-dad5dd91b2cc" testId="92ea6989-9bf7-46ef-f2ff-a3ba8392afbb" testName="CreateBase_ShouldIncludeUtf8Charset" computerName="runnervmlun5p" duration="00:00:00.0001360" startTime="2026-09-10T15:10:24.5164467+00:00" endTime="2026-09-10T15:10:24.5165829+00:00" testType="13cdc9d9-ddb5-4fa4-a97d-d965ccfc6d4b" outcome="Passed" testListId="8c84fa94-04c1-424b-9868-57a2d4851a1d" relativeResultsDirectory="9c3bd897-5fb6-45d6-810b-dad5dd91b2cc" />
    <UnitTestResult executionId="282712cd-8910-40a6-935a-9f943c10997f" testId="f5362faa-c44f-dbcf-9550-88c5834a45e6" testName="Index_WhenCartExists_ShouldReturnViewWithModel" computerName="runnervmlun5p" duration="00:00:00.0018170" startTime="2026-09-10T15:10:46.1607150+00:00" endTime="2026-09-10T15:10:46.1625315+00:00" testType="13cdc9d9-ddb5-4fa4-a97d-d965ccfc6d4b" outcome="Passed" testListId="8c84fa94-04c1-424b-9868-57a2d4851a1d" relativeResultsDirectory="282712cd-8910-40a6-935a-9f943c10997f" />
    <UnitTestResult executionId="136ea6ce-81a5-49e0-a6d9-e0c696388df6" testId="1e45d1a3-29cb-d451-0caa-6ce6ced9c574" testName="ProductError_ShouldInheritFromDomainError" computerName="runnervmlun5p" duration="00:00:00.0001240" startTime="2026-09-10T15:10:46.6034779+00:00" endTime="2026-09-10T15:10:46.6036023+00:00" testType="13cdc9d9-ddb5-4fa4-a97d-d965ccfc6d4b" outcome="Passed" testListId="8c84fa94-04c1-424b-9868-57a2d4851a1d" relativeResultsDirectory="136ea6ce-81a5-49e0-a6d9-e0c696388df6" />
    <UnitTestResult executionId="f7a98441-b7c0-43ab-b4e9-e21b39d9fdce" testId="b3bfbce1-3d7a-3817-8a0a-e2ea8f3aeda8" testName="Next_Over500Ids_ShouldCoverAllAllowedCharacters" computerName="runnervmlun5p" duration="00:00:00.0019530" startTime="2026-09-10T15:10:24.7292252+00:00" endTime="2026-09-10T15:10:24.7311784+00:00" testType="13cdc9d9-ddb5-4fa4-a97d-d965ccfc6d4b" outcome="Passed" testListId="8c84fa94-04c1-424b-9868-57a2d4851a1d" relativeResultsDirectory="f7a98441-b7c0-43ab-b4e9-e21b39d9fdce" />
    <UnitTestResult executionId="747e0056-eecb-46eb-b2b3-fb3aa0fc7974" testId="258222e6-bfee-987d-11d2-7774fae09540" testName="CancelSaleLineAsync_ReturnsServerError_WhenOtherError" computerName="runnervmlun5p" duration="00:00:00.0008220" startTime="2026-09-10T15:10:46.3616682+00:00" endTime="2026-09-10T15:10:46.3624900+00:00" testType="13cdc9d9-ddb5-4fa4-a97d-d965ccfc6d4b" outcome="Passed" testListId="8c84fa94-04c1-424b-9868-57a2d4851a1d" relativeResultsDirectory="747e0056-eecb-46eb-b2b3-fb3aa0fc7974" />
    <UnitTestResult executionId="76cc334f-bc1d-4c82-b030-8e2e53d91811" testId="efa835d7-5ad5-37ce-067a-14998d0936c1" testName="RegisterModelView_PasswordsDoNotMatch_ShouldHaveValidationError" computerName="runnervmlun5p" duration="00:00:00.0003550" startTime="2026-09-10T15:10:46.0373081+00:00" endTime="2026-09-10T15:10:46.0376632+00:00" testType="13cdc9d9-ddb5-4fa4-a97d-d965ccfc6d4b" outcome="Passed" testListId="8c84fa94-04c1-424b-9868-57a2d4851a1d" relativeResultsDirectory="76cc334f-bc1d-4c82-b030-8e2e53d91811" />
    <UnitTestResult executionId="df7f4d4a-8c99-4d02-be82-546cfbae2081" testId="674ac0a9-af1d-40ee-b59e-a912d891f896" testName="ProductConflictError_ShouldInheritFromProductError" computerName="runnervmlun5p" duration="00:00:00.0002080" startTime="2026-09-10T15:10:46.6023326+00:00" endTime="2026-09-10T15:10:46.6025407+00:00" testType="13cdc9d9-ddb5-4fa4-a97d-d965ccfc6d4b" outcome="Passed" testListId="8c84fa94-04c1-424b-9868-57a2d4851a1d" relativeResultsDirectory="df7f4d4a-8c99-4d02-be82-546cfbae2081" />
    <UnitTestResult executionId="6e07a4f9-a549-496d-85a0-f1b6c7850f9e" testId="61b5f333-3273-706a-7f80-21e55dfe8b75" testName="GetRelativePath_ShouldReturnCorrectRelativeUrl" computerName="runnervmlun5p" duration="00:00:00.0005480" startTime="2026-09-10T15:10:24.6745265+00:00" endTime="2026-09-10T15:10:24.6750744+00:00" testType="13cdc9d9-ddb5-4fa4-a97d-d965ccfc6d4b" outcome="Passed" testListId="8c84fa94-04c1-424b-9868-57a2d4851a1d" relativeResultsDirectory="6e07a4f9-a549-496d-85a0-f1b6c7850f9e" />
    <UnitTestResult executionId="3753cfe7-d9a0-411c-90f0-d4ffa130a531" testId="8a377cd2-a0fc-6908-4ff0-c48e5f01b459" testName="GetById_ReturnsOk_WhenUserFound" computerName="runnervmlun5p" duration="00:00:00.0009620" startTime="2026-09-10T15:10:46.4183452+00:00" endTime="2026-09-10T15:10:46.4193065+00:00" testType="13cdc9d9-ddb5-4fa4-a97d-d965ccfc6d4b" outcome="Passed" testListId="8c84fa94-04c1-424b-9868-57a2d4851a1d" relativeResultsDirectory="3753cfe7-d9a0-411c-90f0-d4ffa130a531" />
    <UnitTestResult executionId="0109c3d7-cc99-4aeb-adf9-310e4ea6c1c5" testId="5f1f054a-9a01-2e40-7212-02ba0561f3f3" testName="CartLine_TotalPrice_ShouldBeProductPriceTimesQuantity" computerName="runnervmlun5p" duration="00:00:00.0002340" startTime="2026-09-10T15:10:20.6961849+00:00" endTime="2026-09-10T15:10:20.6964189+00:00" testType="13cdc9d9-ddb5-4fa4-a97d-d965ccfc6d4b" outcome="Passed" testListId="8c84fa94-04c1-424b-9868-57a2d4851a1d" relativeResultsDirectory="0109c3d7-cc99-4aeb-adf9-310e4ea6c1c5" />
    <UnitTestResult executionId="97023d70-f8f1-4336-aaa8-03506a2c4e0b" testId="5b9b5096-b0e2-ee80-f595-8ff5c213bb17" testName="GetProductAsync_WhenDeleted_ShouldReturnNull" computerName="runnervmlun5p" duration="00:00:00.0300300" startTime="2026-09-10T15:10:46.8469252+00:00" endTime="2026-09-10T15:10:46.8769548+00:00" testType="13cdc9d9-ddb5-4fa4-a97d-d965ccfc6d4b" outcome="Passed" testListId="8c84fa94-04c1-424b-9868-57a2d4851a1d" relativeResultsDirectory="97023d70-f8f1-4336-aaa8-03506a2c4e0b" />
    <UnitTestResult executionId="6d9b14b9-8412-4db7-ac9a-b527835c2071" testId="d4d8dd74-c1cf-e4dc-c608-5e51249e753f" testName="GetAll_ReturnsOk" computerName="runnervmlun5p" duration="00:00:00.0016320" startTime="2026-09-10T15:10:46.4146014+00:00" endTime="2026-09-10T15:10:46.4162332+00:00" testType="13cdc9d9-ddb5-4fa4-a97d-d965ccfc6d4b" outcome="Passed" testListId="8c84fa94-04c1-424b-9868-57a2d4851a1d" relativeResultsDirectory="6d9b14b9-8412-4db7-ac9a-b527835c2071" />
    <UnitTestResult executionId="de9b8c55-b65f-4c5c-b48f-f48a99d4cd10" testId="c2074afc-6514-6e36-fe4d-7047a4badd9b" testName="ProductNotFoundError_ShouldStoreMessage" computerName="runnervmlun5p" duration="00:00:00.0002340" startTime="2026-09-10T15:10:46.6039024+00:00" endTime="2026-09-10T15:10:46.6041363+00:00" testType="13cdc9d9-ddb5-4fa4-a97d-d965ccfc6d4b" outcome="Passed" testListId="8c84fa94-04c1-424b-9868-57a2d4851a1d" relativeResultsDirectory="de9b8c55-b65f-4c5c-b48f-f48a99d4cd10" />
    <UnitTestResult executionId="6ae1aff5-155a-4013-a6d7-41e05ea43a1f" testId="a3df9469-ecff-ded9-5f60-d74cd24d9d4a" testName="ProductRepository_GetAllAsync_ShouldReturnPagedProducts" computerName="runnervmlun5p" duration="00:00:00.0264390" startTime="2026-09-10T15:10:40.7144463+00:00" endTime="2026-09-10T15:10:40.7408850+00:00" testType="13cdc9d9-ddb5-4fa4-a97d-d965ccfc6d4b" outcome="Passed" testListId="8c84fa94-04c1-424b-9868-57a2d4851a1d" relativeResultsDirectory="6ae1aff5-155a-4013-a6d7-41e05ea43a1f" />
    <UnitTestResult executionId="aaa4d4e7-f05d-4f26-8f01-17058f9acdd3" testId="bab4704c-d1c1-b7bd-e897-46fa969897d9" testName="FindByUserIdAndPurchasedAsync_WhenCartDoesNotExist_ShouldReturnNull" computerName="runnervmlun5p" duration="00:00:00.0251270" startTime="2026-09-10T15:10:22.6560087+00:00" endTime="2026-09-10T15:10:22.6811350+00:00" testType="13cdc9d9-ddb5-4fa4-a97d-d965ccfc6d4b" outcome="Passed" testListId="8c84fa94-04c1-424b-9868-57a2d4851a1d" relativeResultsDirectory="aaa4d4e7-f05d-4f26-8f01-17058f9acdd3" />
    <UnitTestResult executionId="39d79cc9-2b8c-466d-b61f-408234d67204" testId="d11e1586-1f57-edba-6948-b91740e5c8ca" testName="RepositoriesConfig_AddRepositories_ShouldRegisterServices" computerName="runnervmlun5p" duration="00:00:00.0015630" startTime="2026-09-10T15:10:43.6108449+00:00" endTime="2026-09-10T15:10:43.6124075+00:00" testType="13cdc9d9-ddb5-4fa4-a97d-d965ccfc6d4b" outcome="Passed" testListId="8c84fa94-04c1-424b-9868-57a2d4851a1d" relativeResultsDirectory="39d79cc9-2b8c-466d-b61f-408234d67204" />
    <UnitTestResult executionId="98ffec41-e6c8-43b7-844c-5fb14d818fff" testId="909cdd21-ae08-19e7-45fa-95a383428fea" testName="AddFav_WhenSuccess_ShouldReturnTrue" computerName="runnervmlun5p" duration="00:00:00.0012740" startTime="2026-09-10T15:10:47.0514115+00:00" endTime="2026-09-10T15:10:47.0526851+00:00" testType="13cdc9d9-ddb5-4fa4-a97d-d965ccfc6d4b" outcome="Passed" testListId="8c84fa94-04c1-424b-9868-57a2d4851a1d" relativeResultsDirectory="98ffec41-e6c8-43b7-844c-5fb14d818fff" />
    <UnitTestResult executionId="6c3b710f-2c53-484a-8eb9-b39328e5b994" testId="aa24a4c9-4bfa-4704-223b-d2ce2d5064d1" testName="Last_WhenNotOnLastPage_ShouldBeFalse" computerName="runnervmlun5p" duration="00:00:00.0001910" startTime="2026-09-10T15:10:23.5036770+00:00" endTime="2026-09-10T15:10:23.5038680+00:00" testType="13cdc9d9-ddb5-4fa4-a97d-d965ccfc6d4b" outcome="Passed" testListId="8c84fa94-04c1-424b-9868-57a2d4851a1d" relativeResultsDirectory="6c3b710f-2c53-484a-8eb9-b39328e5b994" />
    <UnitTestResult executionId="f8f19ba3-015a-4b81-b4f7-183359ae28e3" testId="8102b70c-50d8-c527-27ab-17aba8fbb453" testName="CartResponseDto_Constructor_ShouldSetAllProperties" computerName="runnervmlun5p" duration="00:00:00.0159560" startTime="2026-09-10T15:10:20.6179778+00:00" endTime="2026-09-10T15:10:20.6338589+00:00" testType="13cdc9d9-ddb5-4fa4-a97d-d965ccfc6d4b" outcome="Passed" testListId="8c84fa94-04c1-424b-9868-57a2d4851a1d" relativeResultsDirectory="f8f19ba3-015a-4b81-b4f7-183359ae28e3" />
    <UnitTestResult executionId="574fc5b4-8e8b-4fd6-abbc-08bc7d50126e" testId="5785ce7c-5c4a-8f70-865a-da2fcdde6ffc" testName="Detail_WhenCartNotFound_ShouldReturnNotFound" computerName="runnervmlun5p" duration="00:00:00.0007150" startTime="2026-09-10T15:10:46.1548704+00:00" endTime="2026-09-10T15:10:46.1555848+00:00" testType="13cdc9d9-ddb5-4fa4-a97d-d965ccfc6d4b" outcome="Passed" testListId="8c84fa94-04c1-424b-9868-57a2d4851a1d" relativeResultsDirectory="574fc5b4-8e8b-4fd6-abbc-08bc7d50126e" />
    <UnitTestResult executionId="0d12bfc4-af6f-4e9e-a647-ca1e746be653" testId="537a9c14-88c4-e377-1b76-c82d0a89cf5d" testName="GetAllAsync_SortByUltimaModificacion_CorrectPath" computerName="runnervmlun5p" duration="00:00:00.0290970" startTime="2026-09-10T15:10:22.9721224+00:00" endTime="2026-09-10T15:10:23.0012187+00:00" testType="13cdc9d9-ddb5-4fa4-a97d-d965ccfc6d4b" outcome="Passed" testListId="8c84fa94-04c1-424b-9868-57a2d4851a1d" relativeResultsDirectory="0d12bfc4-af6f-4e9e-a647-ca1e746be653" />
    <UnitTestResult executionId="fe8cd098-0ede-4022-88e9-1dd50e06b113" testId="d3c5a602-a2f9-3f3a-dcbe-83e3aa4cbd4b" testName="GetByIdAsync_WhenNotFound_ShouldReturnError" computerName="runnervmlun5p" duration="00:00:00.0010660" startTime="2026-09-10T15:10:47.2113966+00:00" endTime="2026-09-10T15:10:47.2124627+00:00" testType="13cdc9d9-ddb5-4fa4-a97d-d965ccfc6d4b" outcome="Passed" testListId="8c84fa94-04c1-424b-9868-57a2d4851a1d" relativeResultsDirectory="fe8cd098-0ede-4022-88e9-1dd50e06b113" />
    <UnitTestResult executionId="b93a4109-528f-4087-8075-277dd66cced0" testId="1e8cf557-20e8-3581-e8b4-1822cc4851fe" testName="UserEditViewModel_ValidData_ShouldNotHaveValidationErrors" computerName="runnervmlun5p" duration="00:00:00.0001840" startTime="2026-09-10T15:10:46.0411075+00:00" endTime="2026-09-10T15:10:46.0412915+00:00" testType="13cdc9d9-ddb5-4fa4-a97d-d965ccfc6d4b" outcome="Passed" testListId="8c84fa94-04c1-424b-9868-57a2d4851a1d" relativeResultsDirectory="b93a4109-528f-4087-8075-277dd66cced0" />
    <UnitTestResult executionId="0e7208c4-4c51-4ad9-a60b-4cbd1a5fc573" testId="f4aa294f-4368-997e-4464-8a67702013c6" testName="CartLineToDto_ShouldMapLineAndExtractParentData" computerName="runnervmlun5p" duration="00:00:00.0013220" startTime="2026-09-10T15:10:20.6876614+00:00" endTime="2026-09-10T15:10:20.6889831+00:00" testType="13cdc9d9-ddb5-4fa4-a97d-d965ccfc6d4b" outcome="Passed" testListId="8c84fa94-04c1-424b-9868-57a2d4851a1d" relativeResultsDirectory="0e7208c4-4c51-4ad9-a60b-4cbd1a5fc573" />
    <UnitTestResult executionId="0ca28333-08a7-4e8b-9843-64b513b89638" testId="af5ef7a0-249c-4b20-9186-5956db9856f3" testName="UserEdit_Post_WhenUpdateSucceeds_ShouldRedirect" computerName="runnervmlun5p" duration="00:00:00.0217400" startTime="2026-09-10T15:10:46.1036643+00:00" endTime="2026-09-10T15:10:46.1254039+00:00" testType="13cdc9d9-ddb5-4fa4-a97d-d965ccfc6d4b" outcome="Passed" testListId="8c84fa94-04c1-424b-9868-57a2d4851a1d" relativeResultsDirectory="0ca28333-08a7-4e8b-9843-64b513b89638" />
    <UnitTestResult executionId="740cd66f-9298-4f53-9ba4-5a2040e04056" testId="f4ed536c-077d-db4f-3abc-be4a74b08c1f" testName="UserDto_DefaultValues_ShouldBeInitialized" computerName="runnervmlun5p" duration="00:00:00.0003350" startTime="2026-09-10T15:10:47.0127196+00:00" endTime="2026-09-10T15:10:47.0130550+00:00" testType="13cdc9d9-ddb5-4fa4-a97d-d965ccfc6d4b" outcome="Passed" testListId="8c84fa94-04c1-424b-9868-57a2d4851a1d" relativeResultsDirectory="740cd66f-9298-4f53-9ba4-5a2040e04056" />
    <UnitTestResult executionId="a45284d2-a612-41c1-95f2-24c268c49d33" testId="258be786-5dea-bd8d-322b-d8eb03b4505f" testName="SetTelefono_EmptyOrWhitespace_ShouldReturnEmptyString" computerName="runnervmlun5p" duration="00:00:00.0001270" startTime="2026-09-10T15:10:47.0116810+00:00" endTime="2026-09-10T15:10:47.0118076+00:00" testType="13cdc9d9-ddb5-4fa4-a97d-d965ccfc6d4b" outcome="Passed" testListId="8c84fa94-04c1-424b-9868-57a2d4851a1d" relativeResultsDirectory="a45284d2-a612-41c1-95f2-24c268c49d33" />
    <UnitTestResult executionId="315a7538-ce6c-4e77-bbf4-32b2b1aa12a9" testId="7c09f299-0df0-8156-3533-b9fc2ea72f29" testName="UpdateById_ReturnsOk_WhenUpdateSucceeds" computerName="runnervmlun5p" duration="00:00:00.0013980" startTime="2026-09-10T15:10:46.4230015+00:00" endTime="2026-09-10T15:10:46.4243990+00:00" testType="13cdc9d9-ddb5-4fa4-a97d-d965ccfc6d4b" outcome="Passed" testListId="8c84fa94-04c1-424b-9868-57a2d4851a1d" relativeResultsDirectory="315a7538-ce6c-4e77-bbf4-32b2b1aa12a9" />
[...]
    <TestEntry testId="db8c54c8-4597-3cc5-f2fb-97ccbb3514b9" executionId="ded0a4cc-08ec-473b-9eae-a6f301847410" testListId="8c84fa94-04c1-424b-9868-57a2d4851a1d" />
    <TestEntry testId="d3f89d65-33ed-2806-c92e-90e8f1c884b3" executionId="93807fd4-a61d-4444-b1ce-d97413700f95" testListId="8c84fa94-04c1-424b-9868-57a2d4851a1d" />
    <TestEntry testId="09503b2e-ecdb-e2e6-0552-2a5567a82517" executionId="b1e9ef3b-e3bc-46ac-9112-1688cb4229d1" testListId="8c84fa94-04c1-424b-9868-57a2d4851a1d" />
    <TestEntry testId="2688fd88-19a4-8ca6-8f36-9f892deb4147" executionId="a71bbb39-a82f-43f4-b9e0-1c9b51fda87b" testListId="8c84fa94-04c1-424b-9868-57a2d4851a1d" />
    <TestEntry testId="18003bb2-100d-2b09-14c7-0da1f26ed5fc" executionId="c4db608e-9ddb-406b-9b4d-dda3eba71c39" testListId="8c84fa94-04c1-424b-9868-57a2d4851a1d" />
    <TestEntry testId="3e681f56-1f76-7aef-9e2d-2eacc126be1d" executionId="6f9141c7-5a7d-4b66-8f8d-ab9e5ffeafeb" testListId="8c84fa94-04c1-424b-9868-57a2d4851a1d" />
    <TestEntry testId="23e71b32-d169-9876-a42d-37f0844a1cc0" executionId="38194e94-1168-4ed3-8e33-fc2aa9229c12" testListId="8c84fa94-04c1-424b-9868-57a2d4851a1d" />
    <TestEntry testId="b76533a8-7c9f-5197-d705-671e67828e18" executionId="3542dc76-2d4b-4da6-a781-48f880782bad" testListId="8c84fa94-04c1-424b-9868-57a2d4851a1d" />
    <TestEntry testId="9d5ac734-de82-d877-d230-49b173933ec0" executionId="a06b380c-35e0-4648-aca2-8503318eec6a" testListId="8c84fa94-04c1-424b-9868-57a2d4851a1d" />
    <TestEntry testId="7b50932b-91d5-d5bd-7fe4-2f2a4b98bacf" executionId="8a6239af-af8d-4813-8261-8f9e7ac4e24c" testListId="8c84fa94-04c1-424b-9868-57a2d4851a1d" />
    <TestEntry testId="19690a87-b6f4-3cfd-06bb-176a6b03eb50" executionId="e05b8787-6ab7-4cf4-a0e6-ff62841eb9f7" testListId="8c84fa94-04c1-424b-9868-57a2d4851a1d" />
    <TestEntry testId="4b876b82-2681-0e9c-5af7-bcff559b02da" executionId="ea1ae19c-ab28-4b77-b974-aba606d56f2a" testListId="8c84fa94-04c1-424b-9868-57a2d4851a1d" />
    <TestEntry testId="a003b3e9-8d4f-ea1b-cb70-c5df6fc67dc6" executionId="bb55e880-5a5a-4fa4-99eb-826b2577ebd6" testListId="8c84fa94-04c1-424b-9868-57a2d4851a1d" />
    <TestEntry testId="3a6ffb2d-254c-0e51-2391-e0636b904288" executionId="58dfcee1-cd28-4828-b862-bbd530b739b7" testListId="8c84fa94-04c1-424b-9868-57a2d4851a1d" />
    <TestEntry testId="120a049d-2897-6216-2cd7-fc455cf34825" executionId="9efd6e06-d108-4931-933f-807f79751868" testListId="8c84fa94-04c1-424b-9868-57a2d4851a1d" />
    <TestEntry testId="738e81e1-876f-0146-f478-9158c261ea34" executionId="ca35cbdb-3955-45ef-b1ab-ce574a0db3ed" testListId="8c84fa94-04c1-424b-9868-57a2d4851a1d" />
    <TestEntry testId="5de2e298-82d2-1402-c8ab-8a10b99ea974" executionId="7aebe8b0-6de8-415b-bf81-d704105d09e5" testListId="8c84fa94-04c1-424b-9868-57a2d4851a1d" />
    <TestEntry testId="b50919a5-9a45-9833-9ec4-fc2a95e92fa1" executionId="b08c718f-94d9-4822-aea8-cc716180a58c" testListId="8c84fa94-04c1-424b-9868-57a2d4851a1d" />
    <TestEntry testId="95a7441b-6e93-6578-e8ba-b44448102322" executionId="3efc79bc-4623-4571-8fff-8332f8f4a727" testListId="8c84fa94-04c1-424b-9868-57a2d4851a1d" />
    <TestEntry testId="0dee5505-5b9b-4135-4cb4-f86cc6e6c863" executionId="9c750c10-6c7a-49bd-b22f-c691fbd6f526" testListId="8c84fa94-04c1-424b-9868-57a2d4851a1d" />
    <TestEntry testId="596eb66c-4bc0-1e25-31dc-31de319284a9" executionId="05797692-06c4-410a-8487-d7b603d5e1e7" testListId="8c84fa94-04c1-424b-9868-57a2d4851a1d" />
    <TestEntry testId="b72e9ea2-0378-56af-d415-24dd7d878438" executionId="975148d1-fa5c-4dfe-95fd-803ef4198d95" testListId="8c84fa94-04c1-424b-9868-57a2d4851a1d" />
    <TestEntry testId="0ce7debf-982c-9301-0494-c7933fcf44f1" executionId="c98c665b-481e-4d8c-b385-a271fffcdb28" testListId="8c84fa94-04c1-424b-9868-57a2d4851a1d" />
    <TestEntry testId="948645ff-34c2-f6ab-06d5-ec5d50f64a47" executionId="4f2c9392-11d2-4c83-a0b9-6e054b220154" testListId="8c84fa94-04c1-424b-9868-57a2d4851a1d" />
    <TestEntry testId="f9781fe8-a99e-9963-2762-f86dba0b56ed" executionId="460f04d8-8742-4f3f-8da1-b71dfe7dbf9a" testListId="8c84fa94-04c1-424b-9868-57a2d4851a1d" />
    <TestEntry testId="36fc478b-45a9-d419-3b79-5bc7825358b0" executionId="1bd762d5-cf0f-4497-8eb3-ce5c02fa1aeb" testListId="8c84fa94-04c1-424b-9868-57a2d4851a1d" />
    <TestEntry testId="b6aa0667-8c07-7ecc-14a3-4f330a84c64e" executionId="ea6a3fff-5e72-49ca-bed7-f90eb5fcc797" testListId="8c84fa94-04c1-424b-9868-57a2d4851a1d" />
    <TestEntry testId="5c44a6d9-150b-eaf4-91bc-149eb8554d23" executionId="4fcd5e6f-8425-4fa3-9239-95a92f09d825" testListId="8c84fa94-04c1-424b-9868-57a2d4851a1d" />
    <TestEntry testId="f463a6e0-2640-e593-6132-f16e2f135f0c" executionId="2cb769de-5597-409c-9d2c-ceb20c0f99a1" testListId="8c84fa94-04c1-424b-9868-57a2d4851a1d" />
    <TestEntry testId="c6badd2f-9f1a-2ea2-672d-a15d30f9ec59" executionId="05e3756a-aef2-4f76-8db0-20a2174c48cd" testListId="8c84fa94-04c1-424b-9868-57a2d4851a1d" />
    <TestEntry testId="1fdf11c5-8bdb-daf3-544e-04959763b6ba" executionId="feda5ea2-8cb3-4c13-a83c-15352e1adba0" testListId="8c84fa94-04c1-424b-9868-57a2d4851a1d" />
    <TestEntry testId="db5b3e8a-71f9-ad0e-eae2-51ccd6877388" executionId="1974067c-da5f-4936-9889-a4b64af343b9" testListId="8c84fa94-04c1-424b-9868-57a2d4851a1d" />
    <TestEntry testId="1806617c-283e-ccd5-f70e-b14f8a6952b8" executionId="24a6fca0-6d29-4083-9034-f46bd002361c" testListId="8c84fa94-04c1-424b-9868-57a2d4851a1d" />
    <TestEntry testId="5b1df0ff-f140-67f9-4652-6c1a7dd789f2" executionId="561462c0-dc24-43ef-b0e1-35d035476825" testListId="8c84fa94-04c1-424b-9868-57a2d4851a1d" />
    <TestEntry testId="47041c79-eb99-adbc-a6bb-e0054a63bb84" executionId="224a8e7d-c19c-4f65-8868-60bf40d76b1a" testListId="8c84fa94-04c1-424b-9868-57a2d4851a1d" />
    <TestEntry testId="6314afe7-837c-d3ff-78f5-7b49e9813ee2" executionId="29904439-fb87-45f3-8866-55695d90e379" testListId="8c84fa94-04c1-424b-9868-57a2d4851a1d" />
    <TestEntry testId="e846ae80-735a-a20f-1df2-fb92aa86ffec" executionId="518d96d0-0adc-452e-b571-a8ab96cfb6dd" testListId="8c84fa94-04c1-424b-9868-57a2d4851a1d" />
    <TestEntry testId="dc79b9ea-aebf-12ac-1829-edbfb5430a40" executionId="6da5fe33-1a07-42c4-a292-fa3f68b38c01" testListId="8c84fa94-04c1-424b-9868-57a2d4851a1d" />
    <TestEntry testId="6bee8a6d-23e1-2d25-68a6-3f54f64b9964" executionId="5c779571-5043-492b-a751-b88f14aa0f86" testListId="8c84fa94-04c1-424b-9868-57a2d4851a1d" />
    <TestEntry testId="fd77fb7b-c061-9733-80b0-ab43ebc3277b" executionId="dc343e58-b275-43c1-bd8e-9a7a5f17d5d9" testListId="8c84fa94-04c1-424b-9868-57a2d4851a1d" />
    <TestEntry testId="5490f0df-28b7-ff45-da89-a0c0a9105f4b" executionId="a04d4a3d-e1a9-4b5d-b0d0-d0393cd0e460" testListId="8c84fa94-04c1-424b-9868-57a2d4851a1d" />
    <TestEntry testId="c9e06e4b-aae2-4f1e-f432-6cfa77ca99cb" executionId="1211f1f3-8e56-4653-86d0-1060a60126cb" testListId="8c84fa94-04c1-424b-9868-57a2d4851a1d" />
    <TestEntry testId="9f01e239-30f7-e9b4-4968-ce3567b13df9" executionId="ea02bf8b-4f64-4b47-91fb-b546c146f520" testListId="8c84fa94-04c1-424b-9868-57a2d4851a1d" />
    <TestEntry testId="1e7a764d-4e09-9897-ad7c-eb2e5ee2a497" executionId="21e595f5-9290-4d1e-b2a8-ecc4cc97116c" testListId="8c84fa94-04c1-424b-9868-57a2d4851a1d" />
    <TestEntry testId="fcc714c4-ea5e-d182-76d3-a13da83de9df" executionId="98c715e2-1e41-45b8-ab07-8358df0d1a7c" testListId="8c84fa94-04c1-424b-9868-57a2d4851a1d" />
    <TestEntry testId="f816af55-a9eb-41dc-fdd9-07f78505ad86" executionId="5d528d41-9a9e-471d-98c2-95d3e21d0606" testListId="8c84fa94-04c1-424b-9868-57a2d4851a1d" />
    <TestEntry testId="7c34b507-cf0c-16a6-fe8d-3dbf236721b5" executionId="65e6bee7-1b25-4d1d-a9e0-c12d89cabf84" testListId="8c84fa94-04c1-424b-9868-57a2d4851a1d" />
    <TestEntry testId="245468dc-db3a-0840-0499-bde4ceb1c888" executionId="5522e149-9ed8-4d77-bfac-fa07d7c06b29" testListId="8c84fa94-04c1-424b-9868-57a2d4851a1d" />
    <TestEntry testId="e98ffdfa-1b76-3f97-8c40-289248ff3c90" executionId="add8e038-4d05-4e7f-89c5-5c65947313d8" testListId="8c84fa94-04c1-424b-9868-57a2d4851a1d" />
    <TestEntry testId="cf566a2c-8a8a-0074-699f-6a4c17670304" executionId="9a49bc9d-b1f0-4eb2-91b5-e890c667d0a0" testListId="8c84fa94-04c1-424b-9868-57a2d4851a1d" />
    <TestEntry testId="071b3cec-c28c-67f1-b5c3-e07bcb5b5a5f" executionId="db91c1bd-ca58-42db-9486-6df4a08f50e4" testListId="8c84fa94-04c1-424b-9868-57a2d4851a1d" />
    <TestEntry testId="7dbeaa35-c6e1-dd85-780d-2cb22650e63e" executionId="77da9075-a04a-4da5-b1eb-3a67151cd575" testListId="8c84fa94-04c1-424b-9868-57a2d4851a1d" />
    <TestEntry testId="8e36f7fc-48c8-d039-ad5e-ec8d7705ac5c" executionId="3b3ecf62-5716-46e2-8f68-c6a89d5c6aa5" testListId="8c84fa94-04c1-424b-9868-57a2d4851a1d" />
    <TestEntry testId="82493208-10f4-0600-27eb-ea070c509916" executionId="15e54caf-ead5-4b70-96aa-6c8b311ac41c" testListId="8c84fa94-04c1-424b-9868-57a2d4851a1d" />
    <TestEntry testId="32301801-4e9c-19b0-9026-7d97bb845573" executionId="e0c36418-2480-4bc4-aedc-b26319c343d5" testListId="8c84fa94-04c1-424b-9868-57a2d4851a1d" />
    <TestEntry testId="cce8ebe5-ba34-77ba-b7f1-519a8dc5aab3" executionId="2ef00dc5-fac7-42df-8247-8178c22e2ab4" testListId="8c84fa94-04c1-424b-9868-57a2d4851a1d" />
    <TestEntry testId="b61f9b55-1a4a-f8f1-e2c0-0b7e4553ce8c" executionId="11dfb029-656e-48ad-8b53-03e28056e16b" testListId="8c84fa94-04c1-424b-9868-57a2d4851a1d" />
    <TestEntry testId="22484652-2f07-9e26-7d79-23f7f34c4d9b" executionId="dec76e36-ba73-491d-92ff-26a82f5d8a9e" testListId="8c84fa94-04c1-424b-9868-57a2d4851a1d" />
    <TestEntry testId="191129ad-2222-db9b-fb50-d630c33f66a4" executionId="e525e38f-d2c9-4cb6-8d42-692608bbe5ef" testListId="8c84fa94-04c1-424b-9868-57a2d4851a1d" />
    <TestEntry testId="de2f3bb7-6183-0c60-89f9-c3e0ef55862c" executionId="90e2bd5f-260c-49e1-94b2-0ceb52c7db1a" testListId="8c84fa94-04c1-424b-9868-57a2d4851a1d" />
    <TestEntry testId="55790b0c-51e5-4980-d05f-37f16ac04d6a" executionId="46c35384-fcdd-439e-90d4-7e1430a785a2" testListId="8c84fa94-04c1-424b-9868-57a2d4851a1d" />
    <TestEntry testId="bae0091c-6a77-8a5b-4134-b855a3727d6a" executionId="2da120dd-e456-498b-9f73-3c4407217329" testListId="8c84fa94-04c1-424b-9868-57a2d4851a1d" />
    <TestEntry testId="1c2a64e4-512f-b49c-9c52-4eac4244058d" executionId="1e09ade1-271d-4aa4-ad8a-6bfe32fbe330" testListId="8c84fa94-04c1-424b-9868-57a2d4851a1d" />
    <TestEntry testId="8d0efaa7-bfc8-fe81-4521-2a8fddbb3f88" executionId="e41f182f-a001-4228-9db1-086995223cb8" testListId="8c84fa94-04c1-424b-9868-57a2d4851a1d" />
    <TestEntry testId="013a6584-5dfa-0c45-9ce3-6b17b68daa8f" executionId="43b15020-a3bd-40d4-85ed-f649dae2a24e" testListId="8c84fa94-04c1-424b-9868-57a2d4851a1d" />
    <TestEntry testId="6a652c72-e3f1-b915-9b81-c70216292539" executionId="4f1f8e3e-af8a-40f4-8d66-6fe163aa3c4c" testListId="8c84fa94-04c1-424b-9868-57a2d4851a1d" />
    <TestEntry testId="912f2860-cf74-7aa5-b3e4-547ad600d35d" executionId="b9a7dd0c-62ea-47e3-a237-42c00c8bfbf4" testListId="8c84fa94-04c1-424b-9868-57a2d4851a1d" />
    <TestEntry testId="c7941618-05bc-38d3-8b33-89c7a22862e0" executionId="cf19d94c-d084-4315-b012-06f6382bb018" testListId="8c84fa94-04c1-424b-9868-57a2d4851a1d" />
    <TestEntry testId="1e35f690-a230-9911-c6ea-d52429806e9d" executionId="77b0753f-91ba-4ec4-8c00-e4c4c3d9dfb8" testListId="8c84fa94-04c1-424b-9868-57a2d4851a1d" />
    <TestEntry testId="5fb40e92-5b6a-6faa-2e74-4e9a3b835cd1" executionId="4b5e1199-4ca0-4d0c-9b1d-ea548eaaa57e" testListId="8c84fa94-04c1-424b-9868-57a2d4851a1d" />
    <TestEntry testId="c44eeb6a-4042-7a16-f073-723cd2f002d5" executionId="01de7d43-7962-4a2d-997a-ba8e65e052e3" testListId="8c84fa94-04c1-424b-9868-57a2d4851a1d" />
    <TestEntry testId="f001031b-dc87-0f75-bfef-edb7353f3268" executionId="fb99e7f3-7f88-44d9-95ba-0f373c8122af" testListId="8c84fa94-04c1-424b-9868-57a2d4851a1d" />
    <TestEntry testId="4c0ab445-7ede-5b1d-346e-46683d4e8343" executionId="a870e10a-a4df-4ae3-99a2-218095c38c33" testListId="8c84fa94-04c1-424b-9868-57a2d4851a1d" />
    <TestEntry testId="bf9e783a-7c0b-b4ab-9473-af3f56947879" executionId="906d2932-7f15-4bcc-b05e-3a48c350c42c" testListId="8c84fa94-04c1-424b-9868-57a2d4851a1d" />
    <TestEntry testId="736a76eb-4162-6b42-dbf7-47db9109e62c" executionId="633b6604-aae3-4f2c-8955-38a2bb71dd6d" testListId="8c84fa94-04c1-424b-9868-57a2d4851a1d" />
    <TestEntry testId="4c8970ad-fd20-5bf8-53ce-3f015fc6f2cd" executionId="a5ca3010-009a-46a6-b074-cf0503b03ca1" testListId="8c84fa94-04c1-424b-9868-57a2d4851a1d" />
    <TestEntry testId="d56aa140-cd4a-88ce-083e-7ffa84fe7b76" executionId="fcb333f7-a863-4ab3-a8a6-ed489cb5273b" testListId="8c84fa94-04c1-424b-9868-57a2d4851a1d" />
    <TestEntry testId="fc179e98-82fe-6848-a6ad-6d390f3ca447" executionId="d07c57a1-044c-42b9-a399-1c43d5c22817" testListId="8c84fa94-04c1-424b-9868-57a2d4851a1d" />
    <TestEntry testId="bf403e37-5e2c-944f-d96b-06d602d0940b" executionId="347761e1-f1a1-45d7-95ce-0c169b725aa5" testListId="8c84fa94-04c1-424b-9868-57a2d4851a1d" />
    <TestEntry testId="be3cf40c-ca84-01d8-d23d-d3282931ad14" executionId="56301cc9-cf7b-464f-bddf-aba4c680af86" testListId="8c84fa94-04c1-424b-9868-57a2d4851a1d" />
    <TestEntry testId="8986d108-c072-5a4f-b381-27c193b05155" executionId="ff512d51-8927-438b-8f6c-0f4154d6ef10" testListId="8c84fa94-04c1-424b-9868-57a2d4851a1d" />
    <TestEntry testId="dfd90195-91f0-521e-467f-ca8a4307dd1e" executionId="795dfdff-4731-40b5-be94-06658370fbb4" testListId="8c84fa94-04c1-424b-9868-57a2d4851a1d" />
    <TestEntry testId="12393372-606b-16d1-5440-addd680a6f90" executionId="756f3ba6-fe0f-439b-9030-a3032e993d17" testListId="8c84fa94-04c1-424b-9868-57a2d4851a1d" />
    <TestEntry testId="286ced40-a4b2-b654-2475-d2b2932cac6c" executionId="2b789736-1a48-434d-8078-e48c19071ef6" testListId="8c84fa94-04c1-424b-9868-57a2d4851a1d" />
    <TestEntry testId="e3456541-d6a9-0c1b-aeee-91251874f083" executionId="389d8fc2-3510-46ca-a31b-1ed0e60a6464" testListId="8c84fa94-04c1-424b-9868-57a2d4851a1d" />
    <TestEntry testId="b161f9b7-e5bd-716b-a849-3c94257ef047" executionId="26440139-8bc8-4c72-b12f-50c902efcce1" testListId="8c84fa94-04c1-424b-9868-57a2d4851a1d" />
    <TestEntry testId="cc81cd38-66ea-1f76-22eb-ad1a268fb588" executionId="d990053e-0d1c-4f45-8d41-b7ac706ebe8e" testListId="8c84fa94-04c1-424b-9868-57a2d4851a1d" />
    <TestEntry testId="7b5725bf-8074-6ac2-84b1-e8abf36f9029" executionId="7b780235-01c4-413a-902a-0301f4e7af8f" testListId="8c84fa94-04c1-424b-9868-57a2d4851a1d" />
    <TestEntry testId="6c6929e4-4a5e-aabe-0adf-f609e0a3e700" executionId="f2b33d58-395b-416a-bd9d-12db4683436a" testListId="8c84fa94-04c1-424b-9868-57a2d4851a1d" />
    <TestEntry testId="381170e0-0c95-5fc4-29f2-98ad786a6618" executionId="fb193037-59da-4d2b-a2d1-316882a9e7c6" testListId="8c84fa94-04c1-424b-9868-57a2d4851a1d" />
    <TestEntry testId="13be50f6-8606-b997-b23c-9c9027d1507b" executionId="d37092f3-0a2e-4db8-8d2b-de195fe4eddb" testListId="8c84fa94-04c1-424b-9868-57a2d4851a1d" />
    <TestEntry testId="f27c18e4-2a27-1c12-9ff5-02e62dd18d2f" executionId="f0b904a9-b6e5-466b-9ba8-037a28a5855d" testListId="8c84fa94-04c1-424b-9868-57a2d4851a1d" />
    <TestEntry testId="4da570e4-c604-f438-ffc2-5147cf179ee3" executionId="98cf1d0c-f60a-42d7-b46e-2a94c5cd7027" testListId="8c84fa94-04c1-424b-9868-57a2d4851a1d" />
    <TestEntry testId="073be6de-f385-e95b-753c-3986a9e7c1fc" executionId="382bde22-fb21-4054-96e3-69321fc8bb47" testListId="8c84fa94-04c1-424b-9868-57a2d4851a1d" />
    <TestEntry testId="4c3a6050-f87d-7c7a-171f-f76e5e02dd98" executionId="8e1cfe65-7983-4c96-9ea2-3b4d8cda2980" testListId="8c84fa94-04c1-424b-9868-57a2d4851a1d" />
    <TestEntry testId="a958cf99-a810-d596-ce22-232fb9a00de9" executionId="0d57695f-0f4d-4b99-9674-cd7d9ca858d8" testListId="8c84fa94-04c1-424b-9868-57a2d4851a1d" />
    <TestEntry testId="40bcdf00-4f07-b126-cb17-61bc7140d8e9" executionId="95949958-2ed5-459e-a263-51b9bcbcb640" testListId="8c84fa94-04c1-424b-9868-57a2d4851a1d" />
    <TestEntry testId="461b1ec4-ba5f-2758-6b23-4cfee3c6ade8" executionId="bdc7dc55-e017-4dcb-9fd4-dec592209437" testListId="8c84fa94-04c1-424b-9868-57a2d4851a1d" />
    <TestEntry testId="49f69292-4eef-31bf-b51c-56a3a1764217" executionId="92a72013-a7be-4127-869b-c1c4ed56ac1d" testListId="8c84fa94-04c1-424b-9868-57a2d4851a1d" />
    <TestEntry testId="4079cfa7-adf0-138f-141c-3589ef7a2203" executionId="d062040e-f625-4612-b8e3-82b3195e71ad" testListId="8c84fa94-04c1-424b-9868-57a2d4851a1d" />
    <TestEntry testId="8c635061-4aef-5249-fe05-c0b59fc15923" executionId="5d30c635-0775-491f-87d6-59341d3a4dc2" testListId="8c84fa94-04c1-424b-9868-57a2d4851a1d" />
    <TestEntry testId="5c22758a-98d0-c768-8804-c229169901b4" executionId="20202fbc-0352-4360-b90d-8b6126c9880e" testListId="8c84fa94-04c1-424b-9868-57a2d4851a1d" />
    <TestEntry testId="3baccade-0a35-d554-8de5-7f3d02265b24" executionId="7b7424e3-c437-4a30-832c-185b1f48e988" testListId="8c84fa94-04c1-424b-9868-57a2d4851a1d" />
  </TestEntries>
  <TestLists>
    <TestList name="Results Not in a List" id="8c84fa94-04c1-424b-9868-57a2d4851a1d" />
    <TestList name="All Loaded Results" id="19431567-8539-422a-85d7-44ee4e166bda" />
  </TestLists>
  <ResultSummary outcome="Completed">
    <Counters total="694" executed="694" passed="694" failed="0" error="0" timeout="0" aborted="0" inconclusive="0" passedButRunAborted="0" notRunnable="0" notExecuted="0" disconnected="0" warning="0" completed="0" inProgress="0" pending="0" />
    <Output>
      <StdOut>NUnit Adapter 6.1.0.0: Test execution started
Running all tests in /home/runner/work/dawazon-2.0/dawazon-2.0/dawazonTest/bin/Release/net10.0/dawazonTest.dll
   NUnit3TestExecutor discovered 694 of 694 NUnit test cases using Current Discovery mode, Non-Explicit run
warn: Microsoft.EntityFrameworkCore.Model.Validation[10620]
      The property 'Product.Images' is a collection or enumeration type with a value converter but with no value comparer. Set a value comparer to ensure the collection/enumeration elements are compared correctly.
warn: Microsoft.EntityFrameworkCore.Model.Validation[10620]
      The property 'User.ProductsFavs' is a collection or enumeration type with a value converter but with no value comparer. Set a value comparer to ensure the collection/enumeration elements are compared correctly.
info: Microsoft.EntityFrameworkCore.Update[30100]
      Saved 25 entities to in-memory store.
info: Program[0]
      Base de datos verificada (tablas creadas si no existían)

info: Microsoft.EntityFrameworkCore.Update[30100]
      Saved 25 entities to in-memory store.
info: Program[0]
      Inicializando roles y usuarios...
info: Microsoft.EntityFrameworkCore.Update[30100]
      Saved 1 entities to in-memory store.
info: Program[0]
      Rol 'Admin' creado
info: Microsoft.EntityFrameworkCore.Update[30100]
      Saved 1 entities to in-memory store.
info: Program[0]
      Rol 'User' creado
info: Microsoft.EntityFrameworkCore.Update[30100]
      Saved 1 entities to in-memory store.
info: Program[0]
      Rol 'Manager' creado
info: Microsoft.EntityFrameworkCore.Update[30100]
      Saved 3 entities to in-memory store.
info: Microsoft.EntityFrameworkCore.Update[30100]
      Saved 2 entities to in-memory store.
info: Program[0]
      Usuario admin creado correctamente
info: Microsoft.EntityFrameworkCore.Update[30100]
      Saved 3 entities to in-memory store.
info: Microsoft.EntityFrameworkCore.Update[30100]
      Saved 2 entities to in-memory store.
info: Program[0]
      Usuario normal creado correctamente
info: Microsoft.EntityFrameworkCore.Update[30100]
      Saved 3 entities to in-memory store.
info: Microsoft.EntityFrameworkCore.Update[30100]
      Saved 2 entities to in-memory store.
info: Program[0]
      Usuario manager creado correctamente
info: Program[0]
      Roles y usuarios inicializados correctamente

NUnit Adapter 6.1.0.0: Test execution complete
</StdOut>
    </Output>
  </ResultSummary>
</TestRun>